In file included from ../ext/bson.h:17:0,
                 from ../ext/bson.cc:35:
../ext/nan.h:185:9: error: ‘v8::Handle’ has not been declared
   , v8::Handle<v8::String> opt, bool def
         ^
../ext/nan.h:141:71: note: in definition of macro ‘NAN_INLINE’
 # define NAN_INLINE(declarator) inline __attribute__((always_inline)) declarator
                                                                       ^~~~~~~~~~
../ext/nan.h:185:15: error: expected ‘,’ or ‘...’ before ‘<’ token
   , v8::Handle<v8::String> opt, bool def
               ^
../ext/nan.h:141:71: note: in definition of macro ‘NAN_INLINE’
 # define NAN_INLINE(declarator) inline __attribute__((always_inline)) declarator
                                                                       ^~~~~~~~~~
../ext/nan.h: In function ‘bool NanBooleanOptionValue(v8::Local<v8::Object>, int)’:
../ext/nan.h:187:7: error: ‘def’ was not declared in this scope
   if (def) {
       ^~~
../ext/nan.h:189:27: error: ‘opt’ was not declared in this scope
       || !optionsObj->Has(opt)
                           ^~~
../ext/nan.h:189:27: note: suggested alternative: ‘open’
       || !optionsObj->Has(opt)
                           ^~~
                           open
../ext/nan.h:193:26: error: ‘opt’ was not declared in this scope
       && optionsObj->Has(opt)
                          ^~~
../ext/nan.h:193:26: note: suggested alternative: ‘open’
       && optionsObj->Has(opt)
                          ^~~
                          open
../ext/nan.h: At global scope:
../ext/nan.h:200:9: error: ‘v8::Handle’ has not been declared
   , v8::Handle<v8::String> opt
         ^
../ext/nan.h:141:71: note: in definition of macro ‘NAN_INLINE’
 # define NAN_INLINE(declarator) inline __attribute__((always_inline)) declarator
                                                                       ^~~~~~~~~~
../ext/nan.h:200:15: error: expected ‘,’ or ‘...’ before ‘<’ token
   , v8::Handle<v8::String> opt
               ^
../ext/nan.h:141:71: note: in definition of macro ‘NAN_INLINE’
 # define NAN_INLINE(declarator) inline __attribute__((always_inline)) declarator
                                                                       ^~~~~~~~~~
../ext/nan.h: In function ‘bool NanBooleanOptionValue(v8::Local<v8::Object>, int)’:
../ext/nan.h:198:24: error: redefinition of ‘bool NanBooleanOptionValue(v8::Local<v8::Object>, int)’
 static NAN_INLINE(bool NanBooleanOptionValue(
                        ^
../ext/nan.h:141:71: note: in definition of macro ‘NAN_INLINE’
 # define NAN_INLINE(declarator) inline __attribute__((always_inline)) declarator
                                                                       ^~~~~~~~~~
../ext/nan.h:183:24: note: ‘bool NanBooleanOptionValue(v8::Local<v8::Object>, int)’ previously defined here
 static NAN_INLINE(bool NanBooleanOptionValue(
                        ^
../ext/nan.h:141:71: note: in definition of macro ‘NAN_INLINE’
 # define NAN_INLINE(declarator) inline __attribute__((always_inline)) declarator
                                                                       ^~~~~~~~~~
../ext/nan.h:202:44: error: ‘opt’ was not declared in this scope
   return NanBooleanOptionValue(optionsObj, opt, false);
                                            ^~~
../ext/nan.h:202:44: note: suggested alternative: ‘open’
   return NanBooleanOptionValue(optionsObj, opt, false);
                                            ^~~
                                            open
../ext/nan.h: At global scope:
../ext/nan.h:207:9: error: ‘v8::Handle’ has not been declared
   , v8::Handle<v8::String> opt
         ^
../ext/nan.h:141:71: note: in definition of macro ‘NAN_INLINE’
 # define NAN_INLINE(declarator) inline __attribute__((always_inline)) declarator
                                                                       ^~~~~~~~~~
../ext/nan.h:207:15: error: expected ‘,’ or ‘...’ before ‘<’ token
   , v8::Handle<v8::String> opt
               ^
../ext/nan.h:141:71: note: in definition of macro ‘NAN_INLINE’
 # define NAN_INLINE(declarator) inline __attribute__((always_inline)) declarator
                                                                       ^~~~~~~~~~
../ext/nan.h: In function ‘uint32_t NanUInt32OptionValue(v8::Local<v8::Object>, int)’:
../ext/nan.h:211:24: error: ‘opt’ was not declared in this scope
     && optionsObj->Has(opt)
                        ^~~
../ext/nan.h:211:24: note: suggested alternative: ‘open’
     && optionsObj->Has(opt)
                        ^~~
                        open
../ext/nan.h:214:9: error: ‘def’ was not declared in this scope
       : def;
         ^~~
../ext/nan.h: At global scope:
../ext/nan.h:328:11: warning: inline variables are only available with -std=c++1z or -std=gnu++1z
       v8::Handle<T> val
           ^
../ext/nan.h:141:71: note: in definition of macro ‘NAN_INLINE’
 # define NAN_INLINE(declarator) inline __attribute__((always_inline)) declarator
                                                                       ^~~~~~~~~~
../ext/nan.h:328:11: warning: ‘always_inline’ attribute ignored [-Wattributes]
       v8::Handle<T> val
           ^
../ext/nan.h:141:71: note: in definition of macro ‘NAN_INLINE’
 # define NAN_INLINE(declarator) inline __attribute__((always_inline)) declarator
                                                                       ^~~~~~~~~~
../ext/nan.h:328:11: error: ‘Handle’ is not a member of ‘v8’
       v8::Handle<T> val
           ^
../ext/nan.h:141:71: note: in definition of macro ‘NAN_INLINE’
 # define NAN_INLINE(declarator) inline __attribute__((always_inline)) declarator
                                                                       ^~~~~~~~~~
../ext/nan.h:328:19: error: expected primary-expression before ‘>’ token
       v8::Handle<T> val
                   ^
../ext/nan.h:141:71: note: in definition of macro ‘NAN_INLINE’
 # define NAN_INLINE(declarator) inline __attribute__((always_inline)) declarator
                                                                       ^~~~~~~~~~
../ext/nan.h:328:21: error: ‘val’ was not declared in this scope
       v8::Handle<T> val
                     ^
../ext/nan.h:141:71: note: in definition of macro ‘NAN_INLINE’
 # define NAN_INLINE(declarator) inline __attribute__((always_inline)) declarator
                                                                       ^~~~~~~~~~
../ext/nan.h:329:6: error: expected ‘;’ before ‘{’ token
   )) {
      ^
../ext/nan.h:338:25: error: ‘Handle’ in namespace ‘v8’ does not name a template type
   static NAN_INLINE(v8::Handle<v8::Value> NanError(const char* errmsg)) {
                         ^
../ext/nan.h:141:71: note: in definition of macro ‘NAN_INLINE’
 # define NAN_INLINE(declarator) inline __attribute__((always_inline)) declarator
                                                                       ^~~~~~~~~~
../ext/nan.h: In function ‘void NanThrowError(const char*)’:
../ext/nan.h:324:11: error: ‘ThrowException’ is not a member of ‘v8’
       v8::ThrowException(_NAN_ERROR(fun, errmsg));                             \
           ^
../ext/nan.h:343:5: note: in expansion of macro ‘_NAN_THROW_ERROR’
     _NAN_THROW_ERROR(v8::Exception::Error, errmsg);
     ^~~~~~~~~~~~~~~~
../ext/nan.h:324:11: note: suggested alternative: ‘Exception’
       v8::ThrowException(_NAN_ERROR(fun, errmsg));                             \
           ^
../ext/nan.h:343:5: note: in expansion of macro ‘_NAN_THROW_ERROR’
     _NAN_THROW_ERROR(v8::Exception::Error, errmsg);
     ^~~~~~~~~~~~~~~~
../ext/nan.h:319:50: error: ‘New’ is not a member of ‘v8::String’
 # define _NAN_ERROR(fun, errmsg) fun(v8::String::New(errmsg))
                                                  ^
../ext/nan.h:324:26: note: in expansion of macro ‘_NAN_ERROR’
       v8::ThrowException(_NAN_ERROR(fun, errmsg));                             \
                          ^~~~~~~~~~
../ext/nan.h:343:5: note: in expansion of macro ‘_NAN_THROW_ERROR’
     _NAN_THROW_ERROR(v8::Exception::Error, errmsg);
     ^~~~~~~~~~~~~~~~
../ext/nan.h: At global scope:
../ext/nan.h:346:44: error: variable or field ‘NanThrowError’ declared void
   static NAN_INLINE(void NanThrowError(v8::Handle<v8::Value> error)) {
                                            ^
../ext/nan.h:141:71: note: in definition of macro ‘NAN_INLINE’
 # define NAN_INLINE(declarator) inline __attribute__((always_inline)) declarator
                                                                       ^~~~~~~~~~
../ext/nan.h:346:44: error: ‘Handle’ is not a member of ‘v8’
   static NAN_INLINE(void NanThrowError(v8::Handle<v8::Value> error)) {
                                            ^
../ext/nan.h:141:71: note: in definition of macro ‘NAN_INLINE’
 # define NAN_INLINE(declarator) inline __attribute__((always_inline)) declarator
                                                                       ^~~~~~~~~~
../ext/nan.h:346:60: error: expected primary-expression before ‘>’ token
   static NAN_INLINE(void NanThrowError(v8::Handle<v8::Value> error)) {
                                                            ^
../ext/nan.h:141:71: note: in definition of macro ‘NAN_INLINE’
 # define NAN_INLINE(declarator) inline __attribute__((always_inline)) declarator
                                                                       ^~~~~~~~~~
../ext/nan.h:346:62: error: ‘error’ was not declared in this scope
   static NAN_INLINE(void NanThrowError(v8::Handle<v8::Value> error)) {
                                                              ^
../ext/nan.h:141:71: note: in definition of macro ‘NAN_INLINE’
 # define NAN_INLINE(declarator) inline __attribute__((always_inline)) declarator
                                                                       ^~~~~~~~~~
../ext/nan.h:346:62: note: suggested alternative: ‘herror’
   static NAN_INLINE(void NanThrowError(v8::Handle<v8::Value> error)) {
                                                              ^
../ext/nan.h:141:71: note: in definition of macro ‘NAN_INLINE’
 # define NAN_INLINE(declarator) inline __attribute__((always_inline)) declarator
                                                                       ^~~~~~~~~~
../ext/nan.h:351:25: error: ‘Handle’ in namespace ‘v8’ does not name a template type
   static NAN_INLINE(v8::Handle<v8::Value> NanError(
                         ^
../ext/nan.h:141:71: note: in definition of macro ‘NAN_INLINE’
 # define NAN_INLINE(declarator) inline __attribute__((always_inline)) declarator
                                                                       ^~~~~~~~~~
../ext/nan.h: In function ‘void NanThrowError(const char*, int)’:
../ext/nan.h:365:19: error: ‘NanError’ was not declared in this scope
     NanThrowError(NanError(msg, errorNumber));
                   ^~~~~~~~
../ext/nan.h:365:19: note: suggested alternative: ‘gai_error’
     NanThrowError(NanError(msg, errorNumber));
                   ^~~~~~~~
                   gai_error
../ext/nan.h: At global scope:
../ext/nan.h:368:25: error: ‘Handle’ in namespace ‘v8’ does not name a template type
   static NAN_INLINE(v8::Handle<v8::Value> NanTypeError(const char* errmsg)) {
                         ^
../ext/nan.h:141:71: note: in definition of macro ‘NAN_INLINE’
 # define NAN_INLINE(declarator) inline __attribute__((always_inline)) declarator
                                                                       ^~~~~~~~~~
../ext/nan.h: In function ‘void NanThrowTypeError(const char*)’:
../ext/nan.h:324:11: error: ‘ThrowException’ is not a member of ‘v8’
       v8::ThrowException(_NAN_ERROR(fun, errmsg));                             \
           ^
../ext/nan.h:373:5: note: in expansion of macro ‘_NAN_THROW_ERROR’
     _NAN_THROW_ERROR(v8::Exception::TypeError, errmsg);
     ^~~~~~~~~~~~~~~~
../ext/nan.h:324:11: note: suggested alternative: ‘Exception’
       v8::ThrowException(_NAN_ERROR(fun, errmsg));                             \
           ^
../ext/nan.h:373:5: note: in expansion of macro ‘_NAN_THROW_ERROR’
     _NAN_THROW_ERROR(v8::Exception::TypeError, errmsg);
     ^~~~~~~~~~~~~~~~
../ext/nan.h:319:50: error: ‘New’ is not a member of ‘v8::String’
 # define _NAN_ERROR(fun, errmsg) fun(v8::String::New(errmsg))
                                                  ^
../ext/nan.h:324:26: note: in expansion of macro ‘_NAN_ERROR’
       v8::ThrowException(_NAN_ERROR(fun, errmsg));                             \
                          ^~~~~~~~~~
../ext/nan.h:373:5: note: in expansion of macro ‘_NAN_THROW_ERROR’
     _NAN_THROW_ERROR(v8::Exception::TypeError, errmsg);
     ^~~~~~~~~~~~~~~~
../ext/nan.h: At global scope:
../ext/nan.h:376:25: error: ‘Handle’ in namespace ‘v8’ does not name a template type
   static NAN_INLINE(v8::Handle<v8::Value> NanRangeError(const char* errmsg)) {
                         ^
../ext/nan.h:141:71: note: in definition of macro ‘NAN_INLINE’
 # define NAN_INLINE(declarator) inline __attribute__((always_inline)) declarator
                                                                       ^~~~~~~~~~
../ext/nan.h: In function ‘void NanThrowRangeError(const char*)’:
../ext/nan.h:324:11: error: ‘ThrowException’ is not a member of ‘v8’
       v8::ThrowException(_NAN_ERROR(fun, errmsg));                             \
           ^
../ext/nan.h:381:5: note: in expansion of macro ‘_NAN_THROW_ERROR’
     _NAN_THROW_ERROR(v8::Exception::RangeError, errmsg);
     ^~~~~~~~~~~~~~~~
../ext/nan.h:324:11: note: suggested alternative: ‘Exception’
       v8::ThrowException(_NAN_ERROR(fun, errmsg));                             \
           ^
../ext/nan.h:381:5: note: in expansion of macro ‘_NAN_THROW_ERROR’
     _NAN_THROW_ERROR(v8::Exception::RangeError, errmsg);
     ^~~~~~~~~~~~~~~~
../ext/nan.h:319:50: error: ‘New’ is not a member of ‘v8::String’
 # define _NAN_ERROR(fun, errmsg) fun(v8::String::New(errmsg))
                                                  ^
../ext/nan.h:324:26: note: in expansion of macro ‘_NAN_ERROR’
       v8::ThrowException(_NAN_ERROR(fun, errmsg));                             \
                          ^~~~~~~~~~
../ext/nan.h:381:5: note: in expansion of macro ‘_NAN_THROW_ERROR’
     _NAN_THROW_ERROR(v8::Exception::RangeError, errmsg);
     ^~~~~~~~~~~~~~~~
../ext/nan.h: At global scope:
../ext/nan.h:406:13: error: ‘node::smalloc’ has not been declared
     , node::smalloc::FreeCallback callback
             ^
../ext/nan.h:141:71: note: in definition of macro ‘NAN_INLINE’
 # define NAN_INLINE(declarator) inline __attribute__((always_inline)) declarator
                                                                       ^~~~~~~~~~
../ext/nan.h:406:35: error: expected ‘,’ or ‘...’ before ‘callback’
     , node::smalloc::FreeCallback callback
                                   ^
../ext/nan.h:141:71: note: in definition of macro ‘NAN_INLINE’
 # define NAN_INLINE(declarator) inline __attribute__((always_inline)) declarator
                                                                       ^~~~~~~~~~
../ext/nan.h: In function ‘v8::Local<v8::Object> NanNewBufferHandle(char*, size_t, int)’:
../ext/nan.h:409:44: error: ‘callback’ was not declared in this scope
     return node::Buffer::New(data, length, callback, hint);
                                            ^~~~~~~~
../ext/nan.h:409:44: note: suggested alternative: ‘calloc’
     return node::Buffer::New(data, length, callback, hint);
                                            ^~~~~~~~
                                            calloc
../ext/nan.h:409:54: error: ‘hint’ was not declared in this scope
     return node::Buffer::New(data, length, callback, hint);
                                                      ^~~~
../ext/nan.h:409:54: note: suggested alternative: ‘uint’
     return node::Buffer::New(data, length, callback, hint);
                                                      ^~~~
                                                      uint
../ext/nan.h: In function ‘v8::Local<v8::Object> NanNewBufferHandle(char*, uint32_t)’:
../ext/nan.h:416:40: error: no matching function for call to ‘New(char*&, uint32_t&)’
     return node::Buffer::New(data, size);
                                        ^
In file included from ../ext/bson.cc:24:0:
/home/damo/.cache/node-gyp/12.18.3/include/node/node_buffer.h:49:40: note: candidate: v8::MaybeLocal<v8::Object> node::Buffer::New(v8::Isolate*, size_t)
 NODE_EXTERN v8::MaybeLocal<v8::Object> New(v8::Isolate* isolate, size_t length);
                                        ^~~
/home/damo/.cache/node-gyp/12.18.3/include/node/node_buffer.h:49:40: note:   no known conversion for argument 1 from ‘char*’ to ‘v8::Isolate*’
/home/damo/.cache/node-gyp/12.18.3/include/node/node_buffer.h:52:40: note: candidate: v8::MaybeLocal<v8::Object> node::Buffer::New(v8::Isolate*, v8::Local<v8::String>, node::encoding)
 NODE_EXTERN v8::MaybeLocal<v8::Object> New(v8::Isolate* isolate,
                                        ^~~
/home/damo/.cache/node-gyp/12.18.3/include/node/node_buffer.h:52:40: note:   no known conversion for argument 1 from ‘char*’ to ‘v8::Isolate*’
/home/damo/.cache/node-gyp/12.18.3/include/node/node_buffer.h:57:40: note: candidate: v8::MaybeLocal<v8::Object> node::Buffer::New(v8::Isolate*, char*, size_t, node::Buffer::FreeCallback, void*)
 NODE_EXTERN v8::MaybeLocal<v8::Object> New(v8::Isolate* isolate,
                                        ^~~
/home/damo/.cache/node-gyp/12.18.3/include/node/node_buffer.h:57:40: note:   candidate expects 5 arguments, 2 provided
/home/damo/.cache/node-gyp/12.18.3/include/node/node_buffer.h:64:40: note: candidate: v8::MaybeLocal<v8::Object> node::Buffer::New(v8::Isolate*, char*, size_t)
 NODE_EXTERN v8::MaybeLocal<v8::Object> New(v8::Isolate* isolate,
                                        ^~~
/home/damo/.cache/node-gyp/12.18.3/include/node/node_buffer.h:64:40: note:   candidate expects 3 arguments, 2 provided
/home/damo/.cache/node-gyp/12.18.3/include/node/node_buffer.h:69:44: note: candidate: v8::MaybeLocal<v8::Uint8Array> node::Buffer::New(v8::Isolate*, v8::Local<v8::ArrayBuffer>, size_t, size_t)
 NODE_EXTERN v8::MaybeLocal<v8::Uint8Array> New(v8::Isolate* isolate,
                                            ^~~
/home/damo/.cache/node-gyp/12.18.3/include/node/node_buffer.h:69:44: note:   candidate expects 4 arguments, 2 provided
In file included from ../ext/bson.h:17:0,
                 from ../ext/bson.cc:35:
../ext/nan.h: In function ‘v8::Local<v8::Object> NanNewBufferHandle(uint32_t)’:
../ext/nan.h:420:34: error: no matching function for call to ‘New(uint32_t&)’
     return node::Buffer::New(size);
                                  ^
In file included from ../ext/bson.cc:24:0:
/home/damo/.cache/node-gyp/12.18.3/include/node/node_buffer.h:49:40: note: candidate: v8::MaybeLocal<v8::Object> node::Buffer::New(v8::Isolate*, size_t)
 NODE_EXTERN v8::MaybeLocal<v8::Object> New(v8::Isolate* isolate, size_t length);
                                        ^~~
/home/damo/.cache/node-gyp/12.18.3/include/node/node_buffer.h:49:40: note:   candidate expects 2 arguments, 1 provided
/home/damo/.cache/node-gyp/12.18.3/include/node/node_buffer.h:52:40: note: candidate: v8::MaybeLocal<v8::Object> node::Buffer::New(v8::Isolate*, v8::Local<v8::String>, node::encoding)
 NODE_EXTERN v8::MaybeLocal<v8::Object> New(v8::Isolate* isolate,
                                        ^~~
/home/damo/.cache/node-gyp/12.18.3/include/node/node_buffer.h:52:40: note:   candidate expects 3 arguments, 1 provided
/home/damo/.cache/node-gyp/12.18.3/include/node/node_buffer.h:57:40: note: candidate: v8::MaybeLocal<v8::Object> node::Buffer::New(v8::Isolate*, char*, size_t, node::Buffer::FreeCallback, void*)
 NODE_EXTERN v8::MaybeLocal<v8::Object> New(v8::Isolate* isolate,
                                        ^~~
/home/damo/.cache/node-gyp/12.18.3/include/node/node_buffer.h:57:40: note:   candidate expects 5 arguments, 1 provided
/home/damo/.cache/node-gyp/12.18.3/include/node/node_buffer.h:64:40: note: candidate: v8::MaybeLocal<v8::Object> node::Buffer::New(v8::Isolate*, char*, size_t)
 NODE_EXTERN v8::MaybeLocal<v8::Object> New(v8::Isolate* isolate,
                                        ^~~
/home/damo/.cache/node-gyp/12.18.3/include/node/node_buffer.h:64:40: note:   candidate expects 3 arguments, 1 provided
/home/damo/.cache/node-gyp/12.18.3/include/node/node_buffer.h:69:44: note: candidate: v8::MaybeLocal<v8::Uint8Array> node::Buffer::New(v8::Isolate*, v8::Local<v8::ArrayBuffer>, size_t, size_t)
 NODE_EXTERN v8::MaybeLocal<v8::Uint8Array> New(v8::Isolate* isolate,
                                            ^~~
/home/damo/.cache/node-gyp/12.18.3/include/node/node_buffer.h:69:44: note:   candidate expects 4 arguments, 1 provided
In file included from ../ext/bson.h:17:0,
                 from ../ext/bson.cc:35:
../ext/nan.h: In function ‘v8::Local<v8::Object> NanBufferUse(char*, uint32_t)’:
../ext/nan.h:427:26: error: ‘Use’ is not a member of ‘node::Buffer’
     return node::Buffer::Use(data, size);
                          ^~~
../ext/nan.h: At global scope:
../ext/nan.h:439:11: error: ‘v8::Handle’ has not been declared
     , v8::Handle<v8::Value> value
           ^
../ext/nan.h:141:71: note: in definition of macro ‘NAN_INLINE’
 # define NAN_INLINE(declarator) inline __attribute__((always_inline)) declarator
                                                                       ^~~~~~~~~~
../ext/nan.h:439:17: error: expected ‘,’ or ‘...’ before ‘<’ token
     , v8::Handle<v8::Value> value
                 ^
../ext/nan.h:141:71: note: in definition of macro ‘NAN_INLINE’
 # define NAN_INLINE(declarator) inline __attribute__((always_inline)) declarator
                                                                       ^~~~~~~~~~
../ext/nan.h: In function ‘bool NanHasInstance(v8::Persistent<v8::FunctionTemplate>&, int)’:
../ext/nan.h:441:65: error: ‘value’ was not declared in this scope
     return NanPersistentToLocal(function_template)->HasInstance(value);
                                                                 ^~~~~
../ext/nan.h: At global scope:
../ext/nan.h:446:11: error: ‘v8::Handle’ has not been declared
     , v8::Handle<v8::ObjectTemplate> tmpl = v8::Handle<v8::ObjectTemplate>()
           ^
../ext/nan.h:141:71: note: in definition of macro ‘NAN_INLINE’
 # define NAN_INLINE(declarator) inline __attribute__((always_inline)) declarator
                                                                       ^~~~~~~~~~
../ext/nan.h:446:17: error: expected ‘,’ or ‘...’ before ‘<’ token
     , v8::Handle<v8::ObjectTemplate> tmpl = v8::Handle<v8::ObjectTemplate>()
                 ^
../ext/nan.h:141:71: note: in definition of macro ‘NAN_INLINE’
 # define NAN_INLINE(declarator) inline __attribute__((always_inline)) declarator
                                                                       ^~~~~~~~~~
../ext/nan.h: In function ‘v8::Local<v8::Context> NanNewContextHandle(v8::ExtensionConfiguration*, int)’:
../ext/nan.h:444:44: error: default argument missing for parameter 2 of ‘v8::Local<v8::Context> NanNewContextHandle(v8::ExtensionConfiguration*, int)’
   static NAN_INLINE(v8::Local<v8::Context> NanNewContextHandle(
                                            ^
../ext/nan.h:141:71: note: in definition of macro ‘NAN_INLINE’
 # define NAN_INLINE(declarator) inline __attribute__((always_inline)) declarator
                                                                       ^~~~~~~~~~
../ext/nan.h:451:51: error: ‘tmpl’ was not declared in this scope
       , v8::Context::New(nan_isolate, extensions, tmpl, obj)
                                                   ^~~~
../ext/nan.h:451:51: note: suggested alternative: ‘tm’
       , v8::Context::New(nan_isolate, extensions, tmpl, obj)
                                                   ^~~~
                                                   tm
../ext/nan.h:451:57: error: ‘obj’ was not declared in this scope
       , v8::Context::New(nan_isolate, extensions, tmpl, obj)
                                                         ^~~
../ext/nan.h: At global scope:
../ext/nan.h:731:25: error: ‘Handle’ in namespace ‘v8’ does not name a template type
   NanCallback(const v8::Handle<v8::Function> &fn) {
                         ^~~~~~
../ext/nan.h:731:31: error: expected ‘,’ or ‘...’ before ‘<’ token
   NanCallback(const v8::Handle<v8::Function> &fn) {
                               ^
../ext/nan.h:744:41: error: ‘Handle’ in namespace ‘v8’ does not name a template type
   NAN_INLINE(void SetFunction(const v8::Handle<v8::Function> &fn)) {
                                         ^
../ext/nan.h:141:71: note: in definition of macro ‘NAN_INLINE’
 # define NAN_INLINE(declarator) inline __attribute__((always_inline)) declarator
                                                                       ^~~~~~~~~~
../ext/nan.h:744:47: error: expected ‘,’ or ‘...’ before ‘<’ token
   NAN_INLINE(void SetFunction(const v8::Handle<v8::Function> &fn)) {
                                               ^
../ext/nan.h:141:71: note: in definition of macro ‘NAN_INLINE’
 # define NAN_INLINE(declarator) inline __attribute__((always_inline)) declarator
                                                                       ^~~~~~~~~~
../ext/nan.h:754:27: error: ‘v8::Handle’ has not been declared
   void Call(int argc, v8::Handle<v8::Value> argv[]) {
                           ^~~~~~
../ext/nan.h:754:33: error: expected ‘,’ or ‘...’ before ‘<’ token
   void Call(int argc, v8::Handle<v8::Value> argv[]) {
                                 ^
../ext/nan.h: In constructor ‘NanCallback::NanCallback()’:
../ext/nan.h:727:49: error: no matching function for call to ‘v8::Object::New()’
     v8::Local<v8::Object> obj = v8::Object::New();
                                                 ^
In file included from ../ext/bson.cc:14:0:
/home/damo/.cache/node-gyp/12.18.3/include/node/v8.h:3923:24: note: candidate: static v8::Local<v8::Object> v8::Object::New(v8::Isolate*)
   static Local<Object> New(Isolate* isolate);
                        ^~~
/home/damo/.cache/node-gyp/12.18.3/include/node/v8.h:3923:24: note:   candidate expects 1 argument, 0 provided
/home/damo/.cache/node-gyp/12.18.3/include/node/v8.h:3933:24: note: candidate: static v8::Local<v8::Object> v8::Object::New(v8::Isolate*, v8::Local<v8::Value>, v8::Local<v8::Name>*, v8::Local<v8::Value>*, size_t)
   static Local<Object> New(Isolate* isolate, Local<Value> prototype_or_null,
                        ^~~
/home/damo/.cache/node-gyp/12.18.3/include/node/v8.h:3933:24: note:   candidate expects 5 arguments, 0 provided
In file included from ../ext/bson.h:17:0,
                 from ../ext/bson.cc:35:
../ext/nan.h: In constructor ‘NanCallback::NanCallback(int)’:
../ext/nan.h:733:49: error: no matching function for call to ‘v8::Object::New()’
     v8::Local<v8::Object> obj = v8::Object::New();
                                                 ^
In file included from ../ext/bson.cc:14:0:
/home/damo/.cache/node-gyp/12.18.3/include/node/v8.h:3923:24: note: candidate: static v8::Local<v8::Object> v8::Object::New(v8::Isolate*)
   static Local<Object> New(Isolate* isolate);
                        ^~~
/home/damo/.cache/node-gyp/12.18.3/include/node/v8.h:3923:24: note:   candidate expects 1 argument, 0 provided
/home/damo/.cache/node-gyp/12.18.3/include/node/v8.h:3933:24: note: candidate: static v8::Local<v8::Object> v8::Object::New(v8::Isolate*, v8::Local<v8::Value>, v8::Local<v8::Name>*, v8::Local<v8::Value>*, size_t)
   static Local<Object> New(Isolate* isolate, Local<Value> prototype_or_null,
                        ^~~
/home/damo/.cache/node-gyp/12.18.3/include/node/v8.h:3933:24: note:   candidate expects 5 arguments, 0 provided
In file included from ../ext/bson.h:17:0,
                 from ../ext/bson.cc:35:
../ext/nan.h:735:17: error: ‘fn’ was not declared in this scope
     SetFunction(fn);
                 ^~
../ext/nan.h:735:17: note: suggested alternative: ‘yn’
     SetFunction(fn);
                 ^~
                 yn
../ext/nan.h: In destructor ‘NanCallback::~NanCallback()’:
../ext/nan.h:740:12: error: ‘class v8::Persistent<v8::Object>’ has no member named ‘Dispose’
     handle.Dispose();
            ^~~~~~~
../ext/nan.h:741:12: error: ‘class v8::Persistent<v8::Object>’ has no member named ‘Clear’
     handle.Clear();
            ^~~~~
../ext/nan.h: In member function ‘void NanCallback::SetFunction(int)’:
../ext/nan.h:181:38: error: ‘NewSymbol’ is not a member of ‘v8::String’
 #define NanSymbol(value) v8::String::NewSymbol(value)
                                      ^
../ext/nan.h:746:39: note: in expansion of macro ‘NanSymbol’
     NanPersistentToLocal(handle)->Set(NanSymbol("callback"), fn);
                                       ^~~~~~~~~
../ext/nan.h:746:62: error: ‘fn’ was not declared in this scope
     NanPersistentToLocal(handle)->Set(NanSymbol("callback"), fn);
                                                              ^~
../ext/nan.h:746:62: note: suggested alternative: ‘yn’
     NanPersistentToLocal(handle)->Set(NanSymbol("callback"), fn);
                                                              ^~
                                                              yn
../ext/nan.h: In member function ‘v8::Local<v8::Function> NanCallback::GetFunction()’:
../ext/nan.h:181:38: error: ‘NewSymbol’ is not a member of ‘v8::String’
 #define NanSymbol(value) v8::String::NewSymbol(value)
                                      ^
../ext/nan.h:750:46: note: in expansion of macro ‘NanSymbol’
     return NanPersistentToLocal(handle)->Get(NanSymbol("callback"))
                                              ^~~~~~~~~
../ext/nan.h:751:25: error: expected primary-expression before ‘>’ token
         .As<v8::Function>();
                         ^
../ext/nan.h:751:27: error: expected primary-expression before ‘)’ token
         .As<v8::Function>();
                           ^
../ext/nan.h: In member function ‘void NanCallback::Call(int, int)’:
../ext/nan.h:181:38: error: ‘NewSymbol’ is not a member of ‘v8::String’
 #define NanSymbol(value) v8::String::NewSymbol(value)
                                      ^
../ext/nan.h:759:13: note: in expansion of macro ‘NanSymbol’
         Get(NanSymbol("callback")).As<v8::Function>();
             ^~~~~~~~~
../ext/nan.h:759:51: error: expected primary-expression before ‘>’ token
         Get(NanSymbol("callback")).As<v8::Function>();
                                                   ^
../ext/nan.h:759:53: error: expected primary-expression before ‘)’ token
         Get(NanSymbol("callback")).As<v8::Function>();
                                                     ^
../ext/nan.h:761:22: error: ‘GetCurrent’ is not a member of ‘v8::Context’
         v8::Context::GetCurrent()->Global()
                      ^~~~~~~~~~
../ext/nan.h:764:9: error: ‘argv’ was not declared in this scope
       , argv
         ^~~~
../ext/nan.h:764:9: note: suggested alternative: ‘argc’
       , argv
         ^~~~
         argc
../ext/nan.h: In member function ‘void NanAsyncWorker::SavePersistent(const char*, v8::Local<v8::Object>&)’:
../ext/nan.h:181:38: error: ‘NewSymbol’ is not a member of ‘v8::String’
 #define NanSymbol(value) v8::String::NewSymbol(value)
                                      ^
../ext/nan.h:808:17: note: in expansion of macro ‘NanSymbol’
     handle->Set(NanSymbol(key), obj);
                 ^~~~~~~~~
../ext/nan.h: In member function ‘v8::Local<v8::Object> NanAsyncWorker::GetFromPersistent(const char*)’:
../ext/nan.h:181:38: error: ‘NewSymbol’ is not a member of ‘v8::String’
 #define NanSymbol(value) v8::String::NewSymbol(value)
                                      ^
../ext/nan.h:815:24: note: in expansion of macro ‘NanSymbol’
     return handle->Get(NanSymbol(key)).As<v8::Object>();
                        ^~~~~~~~~
../ext/nan.h:815:53: error: expected primary-expression before ‘>’ token
     return handle->Get(NanSymbol(key)).As<v8::Object>();
                                                     ^
../ext/nan.h:815:55: error: expected primary-expression before ‘)’ token
     return handle->Get(NanSymbol(key)).As<v8::Object>();
                                                       ^
../ext/nan.h: In member function ‘virtual void NanAsyncWorker::HandleOKCallback()’:
../ext/nan.h:830:27: warning: passing NULL to non-pointer argument 2 of ‘void NanCallback::Call(int, int)’ [-Wconversion-null]
     callback->Call(0, NULL);
                           ^
../ext/nan.h: In member function ‘virtual void NanAsyncWorker::HandleErrorCallback()’:
../ext/nan.h:837:42: error: ‘New’ is not a member of ‘v8::String’
         v8::Exception::Error(v8::String::New(errmsg))
                                          ^~~
../ext/nan.h:839:27: error: invalid conversion from ‘v8::Local<v8::Value>*’ to ‘int’ [-fpermissive]
     callback->Call(1, argv);
                           ^
../ext/nan.h:754:8: note:   initializing argument 2 of ‘void NanCallback::Call(int, int)’
   void Call(int argc, v8::Handle<v8::Value> argv[]) {
        ^~~~
../ext/nan.h: At global scope:
../ext/nan.h:992:9: error: ‘Handle’ is not a member of ‘v8’
     v8::Handle<v8::Value> val
         ^~~~~~
../ext/nan.h:992:25: error: expected primary-expression before ‘>’ token
     v8::Handle<v8::Value> val
                         ^
../ext/nan.h:992:27: error: ‘val’ was not declared in this scope
     v8::Handle<v8::Value> val
                           ^~~
../ext/nan.h:993:5: error: expected primary-expression before ‘const’
   , const char** data
     ^~~~~
../ext/nan.h:994:11: error: expected primary-expression before ‘*’ token
   , size_t* len
           ^
../ext/nan.h:994:13: error: ‘len’ was not declared in this scope
   , size_t* len
             ^~~
../ext/nan.h:994:13: note: suggested alternative: ‘send’
   , size_t* len
             ^~~
             send
../ext/nan.h:995:1: error: expression list treated as compound expression in initializer [-fpermissive]
 ) {
 ^
../ext/nan.h:1028:9: warning: inline variables are only available with -std=c++1z or -std=gnu++1z
     v8::Handle<v8::Value> from
         ^
../ext/nan.h:141:71: note: in definition of macro ‘NAN_INLINE’
 # define NAN_INLINE(declarator) inline __attribute__((always_inline)) declarator
                                                                       ^~~~~~~~~~
../ext/nan.h:1028:9: warning: ‘always_inline’ attribute ignored [-Wattributes]
     v8::Handle<v8::Value> from
         ^
../ext/nan.h:141:71: note: in definition of macro ‘NAN_INLINE’
 # define NAN_INLINE(declarator) inline __attribute__((always_inline)) declarator
                                                                       ^~~~~~~~~~
../ext/nan.h:1028:9: error: ‘Handle’ is not a member of ‘v8’
     v8::Handle<v8::Value> from
         ^
../ext/nan.h:141:71: note: in definition of macro ‘NAN_INLINE’
 # define NAN_INLINE(declarator) inline __attribute__((always_inline)) declarator
                                                                       ^~~~~~~~~~
../ext/nan.h:1028:25: error: expected primary-expression before ‘>’ token
     v8::Handle<v8::Value> from
                         ^
../ext/nan.h:141:71: note: in definition of macro ‘NAN_INLINE’
 # define NAN_INLINE(declarator) inline __attribute__((always_inline)) declarator
                                                                       ^~~~~~~~~~
../ext/nan.h:1028:27: error: ‘from’ was not declared in this scope
     v8::Handle<v8::Value> from
                           ^
../ext/nan.h:141:71: note: in definition of macro ‘NAN_INLINE’
 # define NAN_INLINE(declarator) inline __attribute__((always_inline)) declarator
                                                                       ^~~~~~~~~~
../ext/nan.h:1028:27: note: suggested alternative: ‘fromfp’
     v8::Handle<v8::Value> from
                           ^
../ext/nan.h:141:71: note: in definition of macro ‘NAN_INLINE’
 # define NAN_INLINE(declarator) inline __attribute__((always_inline)) declarator
                                                                       ^~~~~~~~~~
../ext/nan.h:1029:5: error: expected primary-expression before ‘enum’
   , enum Nan::Encoding encoding
     ^
../ext/nan.h:141:71: note: in definition of macro ‘NAN_INLINE’
 # define NAN_INLINE(declarator) inline __attribute__((always_inline)) declarator
                                                                       ^~~~~~~~~~
../ext/nan.h:1030:12: error: expected primary-expression before ‘*’ token
   , size_t *datalen
            ^
../ext/nan.h:141:71: note: in definition of macro ‘NAN_INLINE’
 # define NAN_INLINE(declarator) inline __attribute__((always_inline)) declarator
                                                                       ^~~~~~~~~~
../ext/nan.h:1030:13: error: ‘datalen’ was not declared in this scope
   , size_t *datalen
             ^
../ext/nan.h:141:71: note: in definition of macro ‘NAN_INLINE’
 # define NAN_INLINE(declarator) inline __attribute__((always_inline)) declarator
                                                                       ^~~~~~~~~~
../ext/nan.h:1030:13: note: suggested alternative: ‘strlen’
   , size_t *datalen
             ^
../ext/nan.h:141:71: note: in definition of macro ‘NAN_INLINE’
 # define NAN_INLINE(declarator) inline __attribute__((always_inline)) declarator
                                                                       ^~~~~~~~~~
../ext/nan.h:1031:5: error: expected primary-expression before ‘void’
   , void *buf
     ^
../ext/nan.h:141:71: note: in definition of macro ‘NAN_INLINE’
 # define NAN_INLINE(declarator) inline __attribute__((always_inline)) declarator
                                                                       ^~~~~~~~~~
../ext/nan.h:1032:12: error: expected primary-expression before ‘buflen’
   , size_t buflen
            ^
../ext/nan.h:141:71: note: in definition of macro ‘NAN_INLINE’
 # define NAN_INLINE(declarator) inline __attribute__((always_inline)) declarator
                                                                       ^~~~~~~~~~
../ext/nan.h:1033:5: error: expected primary-expression before ‘int’
   , int flags
     ^
../ext/nan.h:141:71: note: in definition of macro ‘NAN_INLINE’
 # define NAN_INLINE(declarator) inline __attribute__((always_inline)) declarator
                                                                       ^~~~~~~~~~
../ext/nan.h:1034:1: error: expression list treated as compound expression in initializer [-fpermissive]
 )) {
 ^
../ext/nan.h:141:71: note: in definition of macro ‘NAN_INLINE’
 # define NAN_INLINE(declarator) inline __attribute__((always_inline)) declarator
                                                                       ^~~~~~~~~~
../ext/nan.h:1175:9: warning: inline variables are only available with -std=c++1z or -std=gnu++1z
     v8::Handle<v8::Value> from
         ^
../ext/nan.h:141:71: note: in definition of macro ‘NAN_INLINE’
 # define NAN_INLINE(declarator) inline __attribute__((always_inline)) declarator
                                                                       ^~~~~~~~~~
../ext/nan.h:1175:9: warning: ‘always_inline’ attribute ignored [-Wattributes]
     v8::Handle<v8::Value> from
         ^
../ext/nan.h:141:71: note: in definition of macro ‘NAN_INLINE’
 # define NAN_INLINE(declarator) inline __attribute__((always_inline)) declarator
                                                                       ^~~~~~~~~~
../ext/nan.h:1175:9: error: ‘Handle’ is not a member of ‘v8’
     v8::Handle<v8::Value> from
         ^
../ext/nan.h:141:71: note: in definition of macro ‘NAN_INLINE’
 # define NAN_INLINE(declarator) inline __attribute__((always_inline)) declarator
                                                                       ^~~~~~~~~~
../ext/nan.h:1175:25: error: expected primary-expression before ‘>’ token
     v8::Handle<v8::Value> from
                         ^
../ext/nan.h:141:71: note: in definition of macro ‘NAN_INLINE’
 # define NAN_INLINE(declarator) inline __attribute__((always_inline)) declarator
                                                                       ^~~~~~~~~~
../ext/nan.h:1175:27: error: ‘from’ was not declared in this scope
     v8::Handle<v8::Value> from
                           ^
../ext/nan.h:141:71: note: in definition of macro ‘NAN_INLINE’
 # define NAN_INLINE(declarator) inline __attribute__((always_inline)) declarator
                                                                       ^~~~~~~~~~
../ext/nan.h:1175:27: note: suggested alternative: ‘fromfp’
     v8::Handle<v8::Value> from
                           ^
../ext/nan.h:141:71: note: in definition of macro ‘NAN_INLINE’
 # define NAN_INLINE(declarator) inline __attribute__((always_inline)) declarator
                                                                       ^~~~~~~~~~
../ext/nan.h:1176:5: error: expected primary-expression before ‘enum’
   , enum Nan::Encoding encoding = Nan::UTF8
     ^
../ext/nan.h:141:71: note: in definition of macro ‘NAN_INLINE’
 # define NAN_INLINE(declarator) inline __attribute__((always_inline)) declarator
                                                                       ^~~~~~~~~~
../ext/nan.h:1177:12: error: expected primary-expression before ‘*’ token
   , size_t *datalen = NULL
            ^
../ext/nan.h:141:71: note: in definition of macro ‘NAN_INLINE’
 # define NAN_INLINE(declarator) inline __attribute__((always_inline)) declarator
                                                                       ^~~~~~~~~~
../ext/nan.h:1177:13: error: ‘datalen’ was not declared in this scope
   , size_t *datalen = NULL
             ^
../ext/nan.h:141:71: note: in definition of macro ‘NAN_INLINE’
 # define NAN_INLINE(declarator) inline __attribute__((always_inline)) declarator
                                                                       ^~~~~~~~~~
../ext/nan.h:1177:13: note: suggested alternative: ‘strlen’
   , size_t *datalen = NULL
             ^
../ext/nan.h:141:71: note: in definition of macro ‘NAN_INLINE’
 # define NAN_INLINE(declarator) inline __attribute__((always_inline)) declarator
                                                                       ^~~~~~~~~~
../ext/nan.h:1178:5: error: expected primary-expression before ‘char’
   , char *buf = NULL
     ^
../ext/nan.h:141:71: note: in definition of macro ‘NAN_INLINE’
 # define NAN_INLINE(declarator) inline __attribute__((always_inline)) declarator
                                                                       ^~~~~~~~~~
../ext/nan.h:1179:12: error: expected primary-expression before ‘buflen’
   , size_t buflen = 0
            ^
../ext/nan.h:141:71: note: in definition of macro ‘NAN_INLINE’
 # define NAN_INLINE(declarator) inline __attribute__((always_inline)) declarator
                                                                       ^~~~~~~~~~
../ext/nan.h:1180:5: error: expected primary-expression before ‘int’
   , int flags =
     ^
../ext/nan.h:141:71: note: in definition of macro ‘NAN_INLINE’
 # define NAN_INLINE(declarator) inline __attribute__((always_inline)) declarator
                                                                       ^~~~~~~~~~
../ext/nan.h:1182:1: error: expression list treated as compound expression in initializer [-fpermissive]
 )) {
 ^
../ext/nan.h:141:71: note: in definition of macro ‘NAN_INLINE’
 # define NAN_INLINE(declarator) inline __attribute__((always_inline)) declarator
                                                                       ^~~~~~~~~~
../ext/nan.h:1187:9: warning: inline variables are only available with -std=c++1z or -std=gnu++1z
     v8::Handle<v8::Value> from
         ^
../ext/nan.h:141:71: note: in definition of macro ‘NAN_INLINE’
 # define NAN_INLINE(declarator) inline __attribute__((always_inline)) declarator
                                                                       ^~~~~~~~~~
../ext/nan.h:1187:9: warning: ‘always_inline’ attribute ignored [-Wattributes]
     v8::Handle<v8::Value> from
         ^
../ext/nan.h:141:71: note: in definition of macro ‘NAN_INLINE’
 # define NAN_INLINE(declarator) inline __attribute__((always_inline)) declarator
                                                                       ^~~~~~~~~~
../ext/nan.h:1187:9: error: ‘Handle’ is not a member of ‘v8’
     v8::Handle<v8::Value> from
         ^
../ext/nan.h:141:71: note: in definition of macro ‘NAN_INLINE’
 # define NAN_INLINE(declarator) inline __attribute__((always_inline)) declarator
                                                                       ^~~~~~~~~~
../ext/nan.h:1187:25: error: expected primary-expression before ‘>’ token
     v8::Handle<v8::Value> from
                         ^
../ext/nan.h:141:71: note: in definition of macro ‘NAN_INLINE’
 # define NAN_INLINE(declarator) inline __attribute__((always_inline)) declarator
                                                                       ^~~~~~~~~~
../ext/nan.h:1187:27: error: ‘from’ was not declared in this scope
     v8::Handle<v8::Value> from
                           ^
../ext/nan.h:141:71: note: in definition of macro ‘NAN_INLINE’
 # define NAN_INLINE(declarator) inline __attribute__((always_inline)) declarator
                                                                       ^~~~~~~~~~
../ext/nan.h:1187:27: note: suggested alternative: ‘fromfp’
     v8::Handle<v8::Value> from
                           ^
../ext/nan.h:141:71: note: in definition of macro ‘NAN_INLINE’
 # define NAN_INLINE(declarator) inline __attribute__((always_inline)) declarator
                                                                       ^~~~~~~~~~
../ext/nan.h:1188:12: error: expected primary-expression before ‘*’ token
   , size_t *datalen
            ^
../ext/nan.h:141:71: note: in definition of macro ‘NAN_INLINE’
 # define NAN_INLINE(declarator) inline __attribute__((always_inline)) declarator
                                                                       ^~~~~~~~~~
../ext/nan.h:1188:13: error: ‘datalen’ was not declared in this scope
   , size_t *datalen
             ^
../ext/nan.h:141:71: note: in definition of macro ‘NAN_INLINE’
 # define NAN_INLINE(declarator) inline __attribute__((always_inline)) declarator
                                                                       ^~~~~~~~~~
../ext/nan.h:1188:13: note: suggested alternative: ‘strlen’
   , size_t *datalen
             ^
../ext/nan.h:141:71: note: in definition of macro ‘NAN_INLINE’
 # define NAN_INLINE(declarator) inline __attribute__((always_inline)) declarator
                                                                       ^~~~~~~~~~
../ext/nan.h:1189:5: error: expected primary-expression before ‘char’
   , char *buf = NULL
     ^
../ext/nan.h:141:71: note: in definition of macro ‘NAN_INLINE’
 # define NAN_INLINE(declarator) inline __attribute__((always_inline)) declarator
                                                                       ^~~~~~~~~~
../ext/nan.h:1190:12: error: expected primary-expression before ‘buflen’
   , size_t buflen = 0
            ^
../ext/nan.h:141:71: note: in definition of macro ‘NAN_INLINE’
 # define NAN_INLINE(declarator) inline __attribute__((always_inline)) declarator
                                                                       ^~~~~~~~~~
../ext/nan.h:1191:5: error: expected primary-expression before ‘int’
   , int flags = v8::String::NO_OPTIONS
     ^
../ext/nan.h:141:71: note: in definition of macro ‘NAN_INLINE’
 # define NAN_INLINE(declarator) inline __attribute__((always_inline)) declarator
                                                                       ^~~~~~~~~~
../ext/nan.h:1192:1: error: expression list treated as compound expression in initializer [-fpermissive]
 )) {
 ^
../ext/nan.h:141:71: note: in definition of macro ‘NAN_INLINE’
 # define NAN_INLINE(declarator) inline __attribute__((always_inline)) declarator
                                                                       ^~~~~~~~~~
In file included from ../ext/bson.cc:35:0:
../ext/bson.h:56:25: error: ‘Handle’ has not been declared
  static void Initialize(Handle<Object> target);
                         ^~~~~~
../ext/bson.h:56:31: error: expected ‘,’ or ‘...’ before ‘<’ token
  static void Initialize(Handle<Object> target);
                               ^
../ext/bson.h:72:9: error: ‘Handle’ does not name a type; did you mean ‘rand_r’?
  static Handle<Value> deserialize(BSON *bson, char *data, uint32_t dataLength, uint32_t startIndex, bool is_array_item);
         ^~~~~~
         rand_r
../ext/bson.h:120:41: error: ‘Handle’ does not name a type; did you mean ‘rand_r’?
  Local<Object> GetSerializeObject(const Handle<Value>& object);
                                         ^~~~~~
                                         rand_r
../ext/bson.h:120:47: error: expected ‘,’ or ‘...’ before ‘<’ token
  Local<Object> GetSerializeObject(const Handle<Value>& object);
                                               ^
../ext/bson.h:134:23: error: ‘Handle’ does not name a type; did you mean ‘rand_r’?
  void WriteByte(const Handle<Object>&, const Handle<String>&) { ++count; }
                       ^~~~~~
                       rand_r
../ext/bson.h:134:29: error: expected ‘,’ or ‘...’ before ‘<’ token
  void WriteByte(const Handle<Object>&, const Handle<String>&) { ++count; }
                             ^
../ext/bson.h:134:7: error: ‘void CountStream::WriteByte(int)’ cannot be overloaded
  void WriteByte(const Handle<Object>&, const Handle<String>&) { ++count; }
       ^~~~~~~~~
../ext/bson.h:133:7: error: with ‘void CountStream::WriteByte(int)’
  void WriteByte(int value)         { ++count; }
       ^~~~~~~~~
../ext/bson.h:135:23: error: ‘Handle’ does not name a type; did you mean ‘rand_r’?
  void WriteBool(const Handle<Value>& value)     { ++count; }
                       ^~~~~~
                       rand_r
../ext/bson.h:135:29: error: expected ‘,’ or ‘...’ before ‘<’ token
  void WriteBool(const Handle<Value>& value)     { ++count; }
                             ^
../ext/bson.h:137:24: error: ‘Handle’ does not name a type; did you mean ‘rand_r’?
  void WriteInt32(const Handle<Value>& value)     { count += 4; }
                        ^~~~~~
                        rand_r
../ext/bson.h:137:30: error: expected ‘,’ or ‘...’ before ‘<’ token
  void WriteInt32(const Handle<Value>& value)     { count += 4; }
                              ^
../ext/bson.h:137:7: error: ‘void CountStream::WriteInt32(int)’ cannot be overloaded
  void WriteInt32(const Handle<Value>& value)     { count += 4; }
       ^~~~~~~~~~
../ext/bson.h:136:7: error: with ‘void CountStream::WriteInt32(int32_t)’
  void WriteInt32(int32_t value)        { count += 4; }
       ^~~~~~~~~~
../ext/bson.h:138:24: error: ‘Handle’ does not name a type; did you mean ‘rand_r’?
  void WriteInt32(const Handle<Object>& object, const Handle<String>& key) { count += 4; }
                        ^~~~~~
                        rand_r
../ext/bson.h:138:30: error: expected ‘,’ or ‘...’ before ‘<’ token
  void WriteInt32(const Handle<Object>& object, const Handle<String>& key) { count += 4; }
                              ^
../ext/bson.h:138:7: error: ‘void CountStream::WriteInt32(int)’ cannot be overloaded
  void WriteInt32(const Handle<Object>& object, const Handle<String>& key) { count += 4; }
       ^~~~~~~~~~
../ext/bson.h:136:7: error: with ‘void CountStream::WriteInt32(int32_t)’
  void WriteInt32(int32_t value)        { count += 4; }
       ^~~~~~~~~~
../ext/bson.h:140:24: error: ‘Handle’ does not name a type; did you mean ‘rand_r’?
  void WriteInt64(const Handle<Value>& value)     { count += 8; }
                        ^~~~~~
                        rand_r
../ext/bson.h:140:30: error: expected ‘,’ or ‘...’ before ‘<’ token
  void WriteInt64(const Handle<Value>& value)     { count += 8; }
                              ^
../ext/bson.h:142:25: error: ‘Handle’ does not name a type; did you mean ‘rand_r’?
  void WriteDouble(const Handle<Value>& value)     { count += 8; }
                         ^~~~~~
                         rand_r
../ext/bson.h:142:31: error: expected ‘,’ or ‘...’ before ‘<’ token
  void WriteDouble(const Handle<Value>& value)     { count += 8; }
                               ^
../ext/bson.h:143:25: error: ‘Handle’ does not name a type; did you mean ‘rand_r’?
  void WriteDouble(const Handle<Object>&, const Handle<String>&) { count += 8; }
                         ^~~~~~
                         rand_r
../ext/bson.h:143:31: error: expected ‘,’ or ‘...’ before ‘<’ token
  void WriteDouble(const Handle<Object>&, const Handle<String>&) { count += 8; }
                               ^
../ext/bson.h:143:7: error: ‘void CountStream::WriteDouble(int)’ cannot be overloaded
  void WriteDouble(const Handle<Object>&, const Handle<String>&) { count += 8; }
       ^~~~~~~~~~~
../ext/bson.h:142:7: error: with ‘void CountStream::WriteDouble(int)’
  void WriteDouble(const Handle<Value>& value)     { count += 8; }
       ^~~~~~~~~~~
../ext/bson.h:146:27: error: ‘Handle’ does not name a type; did you mean ‘rand_r’?
  void WriteObjectId(const Handle<Object>& object, const Handle<String>& key)    { count += 12; }
                           ^~~~~~
                           rand_r
../ext/bson.h:146:33: error: expected ‘,’ or ‘...’ before ‘<’ token
  void WriteObjectId(const Handle<Object>& object, const Handle<String>& key)    { count += 12; }
                                 ^
../ext/bson.h: In member function ‘void CountStream::WriteLengthPrefixedString(const v8::Local<v8::String>&)’:
../ext/bson.h:145:90: error: no matching function for call to ‘v8::String::Utf8Length()’
  void WriteLengthPrefixedString(const Local<String>& value) { count += value->Utf8Length()+5; }
                                                                                          ^
In file included from ../ext/bson.cc:14:0:
/home/damo/.cache/node-gyp/12.18.3/include/node/v8.h:2818:7: note: candidate: int v8::String::Utf8Length(v8::Isolate*) const
   int Utf8Length(Isolate* isolate) const;
       ^~~~~~~~~~
/home/damo/.cache/node-gyp/12.18.3/include/node/v8.h:2818:7: note:   candidate expects 1 argument, 0 provided
In file included from ../ext/bson.cc:35:0:
../ext/bson.h: In member function ‘void CountStream::WriteString(const v8::Local<v8::String>&)’:
../ext/bson.h:147:80: error: no matching function for call to ‘v8::String::Utf8Length()’
  void WriteString(const Local<String>& value)     { count += value->Utf8Length() + 1; } // This returns the number of bytes exclusive of the NULL terminator
                                                                                ^
In file included from ../ext/bson.cc:14:0:
/home/damo/.cache/node-gyp/12.18.3/include/node/v8.h:2818:7: note: candidate: int v8::String::Utf8Length(v8::Isolate*) const
   int Utf8Length(Isolate* isolate) const;
       ^~~~~~~~~~
/home/damo/.cache/node-gyp/12.18.3/include/node/v8.h:2818:7: note:   candidate expects 1 argument, 0 provided
In file included from ../ext/bson.cc:35:0:
../ext/bson.h: At global scope:
../ext/bson.h:170:23: error: ‘Handle’ does not name a type; did you mean ‘rand_r’?
  void WriteByte(const Handle<Object>& object, const Handle<String>& key) { *p++ = object->Get(key)->Int32Value(); }
                       ^~~~~~
                       rand_r
../ext/bson.h:170:29: error: expected ‘,’ or ‘...’ before ‘<’ token
  void WriteByte(const Handle<Object>& object, const Handle<String>& key) { *p++ = object->Get(key)->Int32Value(); }
                             ^
../ext/bson.h:170:7: error: ‘void DataStream::WriteByte(int)’ cannot be overloaded
  void WriteByte(const Handle<Object>& object, const Handle<String>& key) { *p++ = object->Get(key)->Int32Value(); }
       ^~~~~~~~~
../ext/bson.h:169:7: error: with ‘void DataStream::WriteByte(int)’
  void WriteByte(int value)         { *p++ = value; }
       ^~~~~~~~~
../ext/bson.h:180:23: error: ‘Handle’ does not name a type; did you mean ‘rand_r’?
  void WriteBool(const Handle<Value>& value)     { WriteByte(value->BooleanValue() ? 1 : 0); }
                       ^~~~~~
                       rand_r
../ext/bson.h:180:29: error: expected ‘,’ or ‘...’ before ‘<’ token
  void WriteBool(const Handle<Value>& value)     { WriteByte(value->BooleanValue() ? 1 : 0); }
                             ^
../ext/bson.h:181:24: error: ‘Handle’ does not name a type; did you mean ‘rand_r’?
  void WriteInt32(const Handle<Value>& value)     { WriteInt32(value->Int32Value());   }
                        ^~~~~~
                        rand_r
../ext/bson.h:181:30: error: expected ‘,’ or ‘...’ before ‘<’ token
  void WriteInt32(const Handle<Value>& value)     { WriteInt32(value->Int32Value());   }
                              ^
../ext/bson.h:181:7: error: ‘void DataStream::WriteInt32(int)’ cannot be overloaded
  void WriteInt32(const Handle<Value>& value)     { WriteInt32(value->Int32Value());   }
       ^~~~~~~~~~
../ext/bson.h:172:7: error: with ‘void DataStream::WriteInt32(int32_t)’
  void WriteInt32(int32_t value)        { *reinterpret_cast<int32_t*>(p) = value; p += 4; }
       ^~~~~~~~~~
../ext/bson.h:182:24: error: ‘Handle’ does not name a type; did you mean ‘rand_r’?
  void WriteInt32(const Handle<Object>& object, const Handle<String>& key) { WriteInt32(object->Get(key)); }
                        ^~~~~~
                        rand_r
../ext/bson.h:182:30: error: expected ‘,’ or ‘...’ before ‘<’ token
  void WriteInt32(const Handle<Object>& object, const Handle<String>& key) { WriteInt32(object->Get(key)); }
                              ^
../ext/bson.h:182:7: error: ‘void DataStream::WriteInt32(int)’ cannot be overloaded
  void WriteInt32(const Handle<Object>& object, const Handle<String>& key) { WriteInt32(object->Get(key)); }
       ^~~~~~~~~~
../ext/bson.h:172:7: error: with ‘void DataStream::WriteInt32(int32_t)’
  void WriteInt32(int32_t value)        { *reinterpret_cast<int32_t*>(p) = value; p += 4; }
       ^~~~~~~~~~
../ext/bson.h:183:24: error: ‘Handle’ does not name a type; did you mean ‘rand_r’?
  void WriteInt64(const Handle<Value>& value)     { WriteInt64(value->IntegerValue());  }
                        ^~~~~~
                        rand_r
../ext/bson.h:183:30: error: expected ‘,’ or ‘...’ before ‘<’ token
  void WriteInt64(const Handle<Value>& value)     { WriteInt64(value->IntegerValue());  }
                              ^
../ext/bson.h:184:25: error: ‘Handle’ does not name a type; did you mean ‘rand_r’?
  void WriteDouble(const Handle<Value>& value)     { WriteDouble(value->NumberValue());  }
                         ^~~~~~
                         rand_r
../ext/bson.h:184:31: error: expected ‘,’ or ‘...’ before ‘<’ token
  void WriteDouble(const Handle<Value>& value)     { WriteDouble(value->NumberValue());  }
                               ^
../ext/bson.h:185:25: error: ‘Handle’ does not name a type; did you mean ‘rand_r’?
  void WriteDouble(const Handle<Object>& object, const Handle<String>& key) { WriteDouble(object->Get(key)); }
                         ^~~~~~
                         rand_r
../ext/bson.h:185:31: error: expected ‘,’ or ‘...’ before ‘<’ token
  void WriteDouble(const Handle<Object>& object, const Handle<String>& key) { WriteDouble(object->Get(key)); }
                               ^
../ext/bson.h:185:7: error: ‘void DataStream::WriteDouble(int)’ cannot be overloaded
  void WriteDouble(const Handle<Object>& object, const Handle<String>& key) { WriteDouble(object->Get(key)); }
       ^~~~~~~~~~~
../ext/bson.h:184:7: error: with ‘void DataStream::WriteDouble(int)’
  void WriteDouble(const Handle<Value>& value)     { WriteDouble(value->NumberValue());  }
       ^~~~~~~~~~~
../ext/bson.h:188:27: error: ‘Handle’ does not name a type; did you mean ‘rand_r’?
  void WriteObjectId(const Handle<Object>& object, const Handle<String>& key);
                           ^~~~~~
                           rand_r
../ext/bson.h:188:33: error: expected ‘,’ or ‘...’ before ‘<’ token
  void WriteObjectId(const Handle<Object>& object, const Handle<String>& key);
                                 ^
../ext/bson.h: In member function ‘void DataStream::WriteByte(int)’:
../ext/bson.h:170:83: error: ‘object’ was not declared in this scope
  void WriteByte(const Handle<Object>& object, const Handle<String>& key) { *p++ = object->Get(key)->Int32Value(); }
                                                                                   ^~~~~~
../ext/bson.h:170:83: note: suggested alternative: ‘connect’
  void WriteByte(const Handle<Object>& object, const Handle<String>& key) { *p++ = object->Get(key)->Int32Value(); }
                                                                                   ^~~~~~
                                                                                   connect
../ext/bson.h:170:95: error: ‘key’ was not declared in this scope
  void WriteByte(const Handle<Object>& object, const Handle<String>& key) { *p++ = object->Get(key)->Int32Value(); }
                                                                                               ^~~
../ext/bson.h: In member function ‘void DataStream::WriteBool(int)’:
../ext/bson.h:180:61: error: ‘value’ was not declared in this scope
  void WriteBool(const Handle<Value>& value)     { WriteByte(value->BooleanValue() ? 1 : 0); }
                                                             ^~~~~
../ext/bson.h: In member function ‘void DataStream::WriteInt32(int)’:
../ext/bson.h:181:63: error: ‘value’ was not declared in this scope
  void WriteInt32(const Handle<Value>& value)     { WriteInt32(value->Int32Value());   }
                                                               ^~~~~
../ext/bson.h: In member function ‘void DataStream::WriteInt32(int)’:
../ext/bson.h:182:88: error: ‘object’ was not declared in this scope
  void WriteInt32(const Handle<Object>& object, const Handle<String>& key) { WriteInt32(object->Get(key)); }
                                                                                        ^~~~~~
../ext/bson.h:182:88: note: suggested alternative: ‘connect’
  void WriteInt32(const Handle<Object>& object, const Handle<String>& key) { WriteInt32(object->Get(key)); }
                                                                                        ^~~~~~
                                                                                        connect
../ext/bson.h:182:100: error: ‘key’ was not declared in this scope
  void WriteInt32(const Handle<Object>& object, const Handle<String>& key) { WriteInt32(object->Get(key)); }
                                                                                                    ^~~
../ext/bson.h: In member function ‘void DataStream::WriteInt64(int)’:
../ext/bson.h:183:63: error: ‘value’ was not declared in this scope
  void WriteInt64(const Handle<Value>& value)     { WriteInt64(value->IntegerValue());  }
                                                               ^~~~~
../ext/bson.h: In member function ‘void DataStream::WriteDouble(int)’:
../ext/bson.h:184:65: error: ‘value’ was not declared in this scope
  void WriteDouble(const Handle<Value>& value)     { WriteDouble(value->NumberValue());  }
                                                                 ^~~~~
../ext/bson.h: In member function ‘void DataStream::WriteDouble(int)’:
../ext/bson.h:185:90: error: ‘object’ was not declared in this scope
  void WriteDouble(const Handle<Object>& object, const Handle<String>& key) { WriteDouble(object->Get(key)); }
                                                                                          ^~~~~~
../ext/bson.h:185:90: note: suggested alternative: ‘connect’
  void WriteDouble(const Handle<Object>& object, const Handle<String>& key) { WriteDouble(object->Get(key)); }
                                                                                          ^~~~~~
                                                                                          connect
../ext/bson.h:185:102: error: ‘key’ was not declared in this scope
  void WriteDouble(const Handle<Object>& object, const Handle<String>& key) { WriteDouble(object->Get(key)); }
                                                                                                      ^~~
../ext/bson.h: In member function ‘void DataStream::WriteLengthPrefixedString(const v8::Local<v8::String>&)’:
../ext/bson.h:187:92: error: no matching function for call to ‘v8::String::Utf8Length()’
  void WriteLengthPrefixedString(const Local<String>& value) { WriteInt32(value->Utf8Length()+1); WriteString(value); }
                                                                                            ^
In file included from ../ext/bson.cc:14:0:
/home/damo/.cache/node-gyp/12.18.3/include/node/v8.h:2818:7: note: candidate: int v8::String::Utf8Length(v8::Isolate*) const
   int Utf8Length(Isolate* isolate) const;
       ^~~~~~~~~~
/home/damo/.cache/node-gyp/12.18.3/include/node/v8.h:2818:7: note:   candidate expects 1 argument, 0 provided
In file included from ../ext/bson.cc:35:0:
../ext/bson.h: In member function ‘void DataStream::WriteString(const v8::Local<v8::String>&)’:
../ext/bson.h:189:76: error: no matching function for call to ‘v8::String::WriteUtf8(char*&)’
  void WriteString(const Local<String>& value)     { p += value->WriteUtf8(p); }  // This returns the number of bytes inclusive of the NULL terminator.
                                                                            ^
In file included from ../ext/bson.cc:14:0:
/home/damo/.cache/node-gyp/12.18.3/include/node/v8.h:2878:7: note: candidate: int v8::String::WriteUtf8(v8::Isolate*, char*, int, int*, int) const
   int WriteUtf8(Isolate* isolate, char* buffer, int length = -1,
       ^~~~~~~~~
/home/damo/.cache/node-gyp/12.18.3/include/node/v8.h:2878:7: note:   candidate expects 5 arguments, 1 provided
In file included from ../ext/bson.cc:35:0:
../ext/bson.h: At global scope:
../ext/bson.h:220:31: error: ‘Handle’ does not name a type; did you mean ‘rand_r’?
  void SerializeDocument(const Handle<Value>& value);
                               ^~~~~~
                               rand_r
../ext/bson.h:220:37: error: expected ‘,’ or ‘...’ before ‘<’ token
  void SerializeDocument(const Handle<Value>& value);
                                     ^
../ext/bson.h:221:28: error: ‘Handle’ does not name a type; did you mean ‘rand_r’?
  void SerializeArray(const Handle<Value>& value);
                            ^~~~~~
                            rand_r
../ext/bson.h:221:34: error: expected ‘,’ or ‘...’ before ‘<’ token
  void SerializeArray(const Handle<Value>& value);
                                  ^
../ext/bson.h:222:48: error: ‘Handle’ does not name a type; did you mean ‘rand_r’?
  void SerializeValue(void* typeLocation, const Handle<Value>& value);
                                                ^~~~~~
                                                rand_r
../ext/bson.h:222:54: error: expected ‘,’ or ‘...’ before ‘<’ token
  void SerializeValue(void* typeLocation, const Handle<Value>& value);
                                                      ^
../ext/bson.h:238:2: error: ‘Handle’ does not name a type; did you mean ‘rand_r’?
  Handle<Value> DeserializeDocument(bool promoteLongs);
  ^~~~~~
  rand_r
../ext/bson.h:241:2: error: ‘Handle’ does not name a type; did you mean ‘rand_r’?
  Handle<Value> ReadCString();
  ^~~~~~
  rand_r
../ext/bson.h:263:2: error: ‘Handle’ does not name a type; did you mean ‘rand_r’?
  Handle<Value> DeserializeArray(bool promoteLongs);
  ^~~~~~
  rand_r
../ext/bson.h:264:2: error: ‘Handle’ does not name a type; did you mean ‘rand_r’?
  Handle<Value> DeserializeValue(BsonType type, bool promoteLongs);
  ^~~~~~
  rand_r
../ext/bson.h:265:2: error: ‘Handle’ does not name a type; did you mean ‘rand_r’?
  Handle<Value> DeserializeDocumentInternal(bool promoteLongs);
  ^~~~~~
  rand_r
../ext/bson.h:266:2: error: ‘Handle’ does not name a type; did you mean ‘rand_r’?
  Handle<Value> DeserializeArrayInternal(bool promoteLongs);
  ^~~~~~
  rand_r
../ext/bson.cc:42:38: error: ‘Handle’ does not name a type; did you mean ‘rand_r’?
 void DataStream::WriteObjectId(const Handle<Object>& object, const Handle<String>& key)
                                      ^~~~~~
                                      rand_r
../ext/bson.cc:42:44: error: expected ‘,’ or ‘...’ before ‘<’ token
 void DataStream::WriteObjectId(const Handle<Object>& object, const Handle<String>& key)
                                            ^
../ext/bson.cc: In member function ‘void DataStream::WriteObjectId(int)’:
../ext/bson.cc:45:2: error: ‘object’ was not declared in this scope
  object->Get(key)->ToString()->Write(buffer, 0, 12);
  ^~~~~~
../ext/bson.cc:45:2: note: suggested alternative: ‘connect’
  object->Get(key)->ToString()->Write(buffer, 0, 12);
  ^~~~~~
  connect
../ext/bson.cc:45:14: error: ‘key’ was not declared in this scope
  object->Get(key)->ToString()->Write(buffer, 0, 12);
              ^~~
../ext/bson.cc: In member function ‘void DataStream::CheckKey(const v8::Local<v8::String>&)’:
../ext/bson.cc:65:41: error: no matching function for call to ‘v8::String::Utf8Length()’
  size_t keyLength = keyName->Utf8Length();
                                         ^
In file included from ../ext/bson.cc:14:0:
/home/damo/.cache/node-gyp/12.18.3/include/node/v8.h:2818:7: note: candidate: int v8::String::Utf8Length(v8::Isolate*) const
   int Utf8Length(Isolate* isolate) const;
       ^~~~~~~~~~
/home/damo/.cache/node-gyp/12.18.3/include/node/v8.h:2818:7: note:   candidate expects 1 argument, 0 provided
../ext/bson.cc:71:36: error: no matching function for call to ‘v8::String::WriteUtf8(char*&)’
  keyName->WriteUtf8(keyStringBuffer);
                                    ^
In file included from ../ext/bson.cc:14:0:
/home/damo/.cache/node-gyp/12.18.3/include/node/v8.h:2878:7: note: candidate: int v8::String::WriteUtf8(v8::Isolate*, char*, int, int*, int) const
   int WriteUtf8(Isolate* isolate, char* buffer, int length = -1,
       ^~~~~~~~~
/home/damo/.cache/node-gyp/12.18.3/include/node/v8.h:2878:7: note:   candidate expects 5 arguments, 1 provided
../ext/bson.cc: At global scope:
../ext/bson.cc:91:70: error: ‘Handle’ does not name a type; did you mean ‘rand_r’?
 template<typename T> void BSONSerializer<T>::SerializeDocument(const Handle<Value>& value)
                                                                      ^~~~~~
                                                                      rand_r
../ext/bson.cc:91:76: error: expected ‘,’ or ‘...’ before ‘<’ token
 template<typename T> void BSONSerializer<T>::SerializeDocument(const Handle<Value>& value)
                                                                            ^
../ext/bson.cc: In member function ‘void BSONSerializer<T>::SerializeDocument(int)’:
../ext/bson.cc:94:50: error: ‘value’ was not declared in this scope
  Local<Object> object = bson->GetSerializeObject(value);
                                                  ^~~~~
../ext/bson.cc:100:62: error: no matching function for call to ‘v8::Object::GetOwnPropertyNames()’
     Local<Array> propertyNames = object->GetOwnPropertyNames();
                                                              ^
In file included from ../ext/bson.cc:14:0:
/home/damo/.cache/node-gyp/12.18.3/include/node/v8.h:3675:43: note: candidate: v8::MaybeLocal<v8::Array> v8::Object::GetOwnPropertyNames(v8::Local<v8::Context>)
   V8_WARN_UNUSED_RESULT MaybeLocal<Array> GetOwnPropertyNames(
                                           ^~~~~~~~~~~~~~~~~~~
/home/damo/.cache/node-gyp/12.18.3/include/node/v8.h:3675:43: note:   candidate expects 1 argument, 0 provided
/home/damo/.cache/node-gyp/12.18.3/include/node/v8.h:3684:43: note: candidate: v8::MaybeLocal<v8::Array> v8::Object::GetOwnPropertyNames(v8::Local<v8::Context>, v8::PropertyFilter, v8::KeyConversionMode)
   V8_WARN_UNUSED_RESULT MaybeLocal<Array> GetOwnPropertyNames(
                                           ^~~~~~~~~~~~~~~~~~~
/home/damo/.cache/node-gyp/12.18.3/include/node/v8.h:3684:43: note:   candidate expects 3 arguments, 0 provided
../ext/bson.cc:107:71: error: no matching function for call to ‘v8::Value::ToString()’
   const Local<String>& propertyName = propertyNames->Get(i)->ToString();
                                                                       ^
In file included from ../ext/bson.cc:14:0:
/home/damo/.cache/node-gyp/12.18.3/include/node/v8.h:2668:44: note: candidate: v8::MaybeLocal<v8::String> v8::Value::ToString(v8::Local<v8::Context>) const
   V8_WARN_UNUSED_RESULT MaybeLocal<String> ToString(
                                            ^~~~~~~~
/home/damo/.cache/node-gyp/12.18.3/include/node/v8.h:2668:44: note:   candidate expects 1 argument, 0 provided
In file included from /home/damo/.cache/node-gyp/12.18.3/include/node/v8-internal.h:14:0,
                 from /home/damo/.cache/node-gyp/12.18.3/include/node/v8.h:27,
                 from ../ext/bson.cc:14:
/home/damo/.cache/node-gyp/12.18.3/include/node/v8.h:2684:31: note: candidate: v8::Local<v8::String> v8::Value::ToString(v8::Isolate*) const
                 Local<String> ToString(Isolate* isolate) const);
                               ^
/home/damo/.cache/node-gyp/12.18.3/include/node/v8config.h:328:3: note: in definition of macro ‘V8_DEPRECATED’
   declarator __attribute__((deprecated(message)))
   ^~~~~~~~~~
/home/damo/.cache/node-gyp/12.18.3/include/node/v8.h:2684:31: note:   candidate expects 1 argument, 0 provided
                 Local<String> ToString(Isolate* isolate) const);
                               ^
/home/damo/.cache/node-gyp/12.18.3/include/node/v8config.h:328:3: note: in definition of macro ‘V8_DEPRECATED’
   declarator __attribute__((deprecated(message)))
   ^~~~~~~~~~
../ext/bson.cc: At global scope:
../ext/bson.cc:124:67: error: ‘Handle’ does not name a type; did you mean ‘rand_r’?
 template<typename T> void BSONSerializer<T>::SerializeArray(const Handle<Value>& value)
                                                                   ^~~~~~
                                                                   rand_r
../ext/bson.cc:124:73: error: expected ‘,’ or ‘...’ before ‘<’ token
 template<typename T> void BSONSerializer<T>::SerializeArray(const Handle<Value>& value)
                                                                         ^
../ext/bson.cc: In member function ‘void BSONSerializer<T>::SerializeArray(int)’:
../ext/bson.cc:128:42: error: ‘value’ was not declared in this scope
  Local<Array> array = Local<Array>::Cast(value->ToObject());
                                          ^~~~~
../ext/bson.cc: At global scope:
../ext/bson.cc:145:87: error: ‘Handle’ does not name a type; did you mean ‘rand_r’?
 template<typename T> void BSONSerializer<T>::SerializeValue(void* typeLocation, const Handle<Value>& value)
                                                                                       ^~~~~~
                                                                                       rand_r
../ext/bson.cc:145:93: error: expected ‘,’ or ‘...’ before ‘<’ token
 template<typename T> void BSONSerializer<T>::SerializeValue(void* typeLocation, const Handle<Value>& value)
                                                                                             ^
../ext/bson.cc: In member function ‘void BSONSerializer<T>::SerializeValue(void*, int)’:
../ext/bson.cc:147:5: error: ‘value’ was not declared in this scope
  if(value->IsNumber())
     ^~~~~
../ext/bson.cc:185:9: error: ‘Handle’ does not name a type; did you mean ‘rand_r’?
   const Handle<RegExp>& regExp = Handle<RegExp>::Cast(value);
         ^~~~~~
         rand_r
../ext/bson.cc:187:21: error: ‘regExp’ was not declared in this scope
   this->WriteString(regExp->GetSource());
                     ^~~~~~
../ext/bson.cc:187:21: note: suggested alternative: ‘frexp’
   this->WriteString(regExp->GetSource());
                     ^~~~~~
                     frexp
../ext/bson.cc:203:61: error: no matching function for call to ‘v8::Object::Has(v8::Local<v8::String>)’
   if(object->Has(NanPersistentToLocal(bson->_bsontypeString)))
                                                             ^
In file included from ../ext/bson.cc:14:0:
/home/damo/.cache/node-gyp/12.18.3/include/node/v8.h:3590:37: note: candidate: v8::Maybe<bool> v8::Object::Has(v8::Local<v8::Context>, v8::Local<v8::Value>)
   V8_WARN_UNUSED_RESULT Maybe<bool> Has(Local<Context> context,
                                     ^~~
/home/damo/.cache/node-gyp/12.18.3/include/node/v8.h:3590:37: note:   candidate expects 2 arguments, 1 provided
/home/damo/.cache/node-gyp/12.18.3/include/node/v8.h:3596:37: note: candidate: v8::Maybe<bool> v8::Object::Has(v8::Local<v8::Context>, uint32_t)
   V8_WARN_UNUSED_RESULT Maybe<bool> Has(Local<Context> context, uint32_t index);
                                     ^~~
/home/damo/.cache/node-gyp/12.18.3/include/node/v8.h:3596:37: note:   candidate expects 2 arguments, 1 provided
../ext/bson.cc:227:99: error: no matching function for call to ‘v8::Value::Uint32Value()’
     uint32_t length = object->Get(NanPersistentToLocal(bson->_binaryPositionString))->Uint32Value();
                                                                                                   ^
In file included from ../ext/bson.cc:14:0:
/home/damo/.cache/node-gyp/12.18.3/include/node/v8.h:2707:41: note: candidate: v8::Maybe<unsigned int> v8::Value::Uint32Value(v8::Local<v8::Context>) const
   V8_WARN_UNUSED_RESULT Maybe<uint32_t> Uint32Value(
                                         ^~~~~~~~~~~
/home/damo/.cache/node-gyp/12.18.3/include/node/v8.h:2707:41: note:   candidate expects 1 argument, 0 provided
../ext/bson.cc:228:102: error: no matching function for call to ‘v8::Value::ToObject()’
     Local<Object> bufferObj = object->Get(NanPersistentToLocal(bson->_binaryBufferString))->ToObject();
                                                                                                      ^
In file included from ../ext/bson.cc:14:0:
/home/damo/.cache/node-gyp/12.18.3/include/node/v8.h:2672:44: note: candidate: v8::MaybeLocal<v8::Object> v8::Value::ToObject(v8::Local<v8::Context>) const
   V8_WARN_UNUSED_RESULT MaybeLocal<Object> ToObject(
                                            ^~~~~~~~
/home/damo/.cache/node-gyp/12.18.3/include/node/v8.h:2672:44: note:   candidate expects 1 argument, 0 provided
In file included from /home/damo/.cache/node-gyp/12.18.3/include/node/v8-internal.h:14:0,
                 from /home/damo/.cache/node-gyp/12.18.3/include/node/v8.h:27,
                 from ../ext/bson.cc:14:
/home/damo/.cache/node-gyp/12.18.3/include/node/v8.h:2686:31: note: candidate: v8::Local<v8::Object> v8::Value::ToObject(v8::Isolate*) const
                 Local<Object> ToObject(Isolate* isolate) const);
                               ^
/home/damo/.cache/node-gyp/12.18.3/include/node/v8config.h:328:3: note: in definition of macro ‘V8_DEPRECATED’
   declarator __attribute__((deprecated(message)))
   ^~~~~~~~~~
/home/damo/.cache/node-gyp/12.18.3/include/node/v8.h:2686:31: note:   candidate expects 1 argument, 0 provided
                 Local<Object> ToObject(Isolate* isolate) const);
                               ^
/home/damo/.cache/node-gyp/12.18.3/include/node/v8config.h:328:3: note: in definition of macro ‘V8_DEPRECATED’
   declarator __attribute__((deprecated(message)))
   ^~~~~~~~~~
../ext/bson.cc:233:82: error: no matching function for call to ‘v8::Value::Int32Value()’
     if(object->Get(NanPersistentToLocal(bson->_binarySubTypeString))->Int32Value() == 0x02) {
                                                                                  ^
In file included from ../ext/bson.cc:14:0:
/home/damo/.cache/node-gyp/12.18.3/include/node/v8.h:2709:40: note: candidate: v8::Maybe<int> v8::Value::Int32Value(v8::Local<v8::Context>) const
   V8_WARN_UNUSED_RESULT Maybe<int32_t> Int32Value(Local<Context> context) const;
                                        ^~~~~~~~~~
/home/damo/.cache/node-gyp/12.18.3/include/node/v8.h:2709:40: note:   candidate expects 1 argument, 0 provided
../ext/bson.cc:247:107: error: no matching function for call to ‘v8::Value::ToString()’
     this->WriteLengthPrefixedString(object->Get(NanPersistentToLocal(bson->_symbolValueString))->ToString());
                                                                                                           ^
In file included from ../ext/bson.cc:14:0:
/home/damo/.cache/node-gyp/12.18.3/include/node/v8.h:2668:44: note: candidate: v8::MaybeLocal<v8::String> v8::Value::ToString(v8::Local<v8::Context>) const
   V8_WARN_UNUSED_RESULT MaybeLocal<String> ToString(
                                            ^~~~~~~~
/home/damo/.cache/node-gyp/12.18.3/include/node/v8.h:2668:44: note:   candidate expects 1 argument, 0 provided
In file included from /home/damo/.cache/node-gyp/12.18.3/include/node/v8-internal.h:14:0,
                 from /home/damo/.cache/node-gyp/12.18.3/include/node/v8.h:27,
                 from ../ext/bson.cc:14:
/home/damo/.cache/node-gyp/12.18.3/include/node/v8.h:2684:31: note: candidate: v8::Local<v8::String> v8::Value::ToString(v8::Isolate*) const
                 Local<String> ToString(Isolate* isolate) const);
                               ^
/home/damo/.cache/node-gyp/12.18.3/include/node/v8config.h:328:3: note: in definition of macro ‘V8_DEPRECATED’
   declarator __attribute__((deprecated(message)))
   ^~~~~~~~~~
/home/damo/.cache/node-gyp/12.18.3/include/node/v8.h:2684:31: note:   candidate expects 1 argument, 0 provided
                 Local<String> ToString(Isolate* isolate) const);
                               ^
/home/damo/.cache/node-gyp/12.18.3/include/node/v8config.h:328:3: note: in definition of macro ‘V8_DEPRECATED’
   declarator __attribute__((deprecated(message)))
   ^~~~~~~~~~
../ext/bson.cc:251:104: error: no matching function for call to ‘v8::Value::ToString()’
     const Local<String>& function = object->Get(NanPersistentToLocal(bson->_codeCodeString))->ToString();
                                                                                                        ^
In file included from ../ext/bson.cc:14:0:
/home/damo/.cache/node-gyp/12.18.3/include/node/v8.h:2668:44: note: candidate: v8::MaybeLocal<v8::String> v8::Value::ToString(v8::Local<v8::Context>) const
   V8_WARN_UNUSED_RESULT MaybeLocal<String> ToString(
                                            ^~~~~~~~
/home/damo/.cache/node-gyp/12.18.3/include/node/v8.h:2668:44: note:   candidate expects 1 argument, 0 provided
In file included from /home/damo/.cache/node-gyp/12.18.3/include/node/v8-internal.h:14:0,
                 from /home/damo/.cache/node-gyp/12.18.3/include/node/v8.h:27,
                 from ../ext/bson.cc:14:
/home/damo/.cache/node-gyp/12.18.3/include/node/v8.h:2684:31: note: candidate: v8::Local<v8::String> v8::Value::ToString(v8::Isolate*) const
                 Local<String> ToString(Isolate* isolate) const);
                               ^
/home/damo/.cache/node-gyp/12.18.3/include/node/v8config.h:328:3: note: in definition of macro ‘V8_DEPRECATED’
   declarator __attribute__((deprecated(message)))
   ^~~~~~~~~~
/home/damo/.cache/node-gyp/12.18.3/include/node/v8.h:2684:31: note:   candidate expects 1 argument, 0 provided
                 Local<String> ToString(Isolate* isolate) const);
                               ^
/home/damo/.cache/node-gyp/12.18.3/include/node/v8config.h:328:3: note: in definition of macro ‘V8_DEPRECATED’
   declarator __attribute__((deprecated(message)))
   ^~~~~~~~~~
../ext/bson.cc:252:102: error: no matching function for call to ‘v8::Value::ToObject()’
     const Local<Object>& scope = object->Get(NanPersistentToLocal(bson->_codeScopeString))->ToObject();
                                                                                                      ^
In file included from ../ext/bson.cc:14:0:
/home/damo/.cache/node-gyp/12.18.3/include/node/v8.h:2672:44: note: candidate: v8::MaybeLocal<v8::Object> v8::Value::ToObject(v8::Local<v8::Context>) const
   V8_WARN_UNUSED_RESULT MaybeLocal<Object> ToObject(
                                            ^~~~~~~~
/home/damo/.cache/node-gyp/12.18.3/include/node/v8.h:2672:44: note:   candidate expects 1 argument, 0 provided
In file included from /home/damo/.cache/node-gyp/12.18.3/include/node/v8-internal.h:14:0,
                 from /home/damo/.cache/node-gyp/12.18.3/include/node/v8.h:27,
                 from ../ext/bson.cc:14:
/home/damo/.cache/node-gyp/12.18.3/include/node/v8.h:2686:31: note: candidate: v8::Local<v8::Object> v8::Value::ToObject(v8::Isolate*) const
                 Local<Object> ToObject(Isolate* isolate) const);
                               ^
/home/damo/.cache/node-gyp/12.18.3/include/node/v8config.h:328:3: note: in definition of macro ‘V8_DEPRECATED’
   declarator __attribute__((deprecated(message)))
   ^~~~~~~~~~
/home/damo/.cache/node-gyp/12.18.3/include/node/v8.h:2686:31: note:   candidate expects 1 argument, 0 provided
                 Local<Object> ToObject(Isolate* isolate) const);
                               ^
/home/damo/.cache/node-gyp/12.18.3/include/node/v8config.h:328:3: note: in definition of macro ‘V8_DEPRECATED’
   declarator __attribute__((deprecated(message)))
   ^~~~~~~~~~
../ext/bson.cc:258:67: error: no matching function for call to ‘v8::Object::GetOwnPropertyNames()’
          uint32_t propertyNameLength = scope->GetOwnPropertyNames()->Length();
                                                                   ^
In file included from ../ext/bson.cc:14:0:
/home/damo/.cache/node-gyp/12.18.3/include/node/v8.h:3675:43: note: candidate: v8::MaybeLocal<v8::Array> v8::Object::GetOwnPropertyNames(v8::Local<v8::Context>)
   V8_WARN_UNUSED_RESULT MaybeLocal<Array> GetOwnPropertyNames(
                                           ^~~~~~~~~~~~~~~~~~~
/home/damo/.cache/node-gyp/12.18.3/include/node/v8.h:3675:43: note:   candidate expects 1 argument, 0 provided
/home/damo/.cache/node-gyp/12.18.3/include/node/v8.h:3684:43: note: candidate: v8::MaybeLocal<v8::Array> v8::Object::GetOwnPropertyNames(v8::Local<v8::Context>, v8::PropertyFilter, v8::KeyConversionMode)
   V8_WARN_UNUSED_RESULT MaybeLocal<Array> GetOwnPropertyNames(
                                           ^~~~~~~~~~~~~~~~~~~
/home/damo/.cache/node-gyp/12.18.3/include/node/v8.h:3684:43: note:   candidate expects 3 arguments, 0 provided
../ext/bson.cc:265:57: error: no matching function for call to ‘v8::String::ToString()’
      this->WriteLengthPrefixedString(function->ToString());
                                                         ^
In file included from ../ext/bson.cc:14:0:
/home/damo/.cache/node-gyp/12.18.3/include/node/v8.h:2668:44: note: candidate: v8::MaybeLocal<v8::String> v8::Value::ToString(v8::Local<v8::Context>) const
   V8_WARN_UNUSED_RESULT MaybeLocal<String> ToString(
                                            ^~~~~~~~
/home/damo/.cache/node-gyp/12.18.3/include/node/v8.h:2668:44: note:   candidate expects 1 argument, 0 provided
In file included from /home/damo/.cache/node-gyp/12.18.3/include/node/v8-internal.h:14:0,
                 from /home/damo/.cache/node-gyp/12.18.3/include/node/v8.h:27,
                 from ../ext/bson.cc:14:
/home/damo/.cache/node-gyp/12.18.3/include/node/v8.h:2684:31: note: candidate: v8::Local<v8::String> v8::Value::ToString(v8::Isolate*) const
                 Local<String> ToString(Isolate* isolate) const);
                               ^
/home/damo/.cache/node-gyp/12.18.3/include/node/v8config.h:328:3: note: in definition of macro ‘V8_DEPRECATED’
   declarator __attribute__((deprecated(message)))
   ^~~~~~~~~~
/home/damo/.cache/node-gyp/12.18.3/include/node/v8.h:2684:31: note:   candidate expects 1 argument, 0 provided
                 Local<String> ToString(Isolate* isolate) const);
                               ^
/home/damo/.cache/node-gyp/12.18.3/include/node/v8config.h:328:3: note: in definition of macro ‘V8_DEPRECATED’
   declarator __attribute__((deprecated(message)))
   ^~~~~~~~~~
../ext/bson.cc:272:57: error: no matching function for call to ‘v8::String::ToString()’
      this->WriteLengthPrefixedString(function->ToString());
                                                         ^
In file included from ../ext/bson.cc:14:0:
/home/damo/.cache/node-gyp/12.18.3/include/node/v8.h:2668:44: note: candidate: v8::MaybeLocal<v8::String> v8::Value::ToString(v8::Local<v8::Context>) const
   V8_WARN_UNUSED_RESULT MaybeLocal<String> ToString(
                                            ^~~~~~~~
/home/damo/.cache/node-gyp/12.18.3/include/node/v8.h:2668:44: note:   candidate expects 1 argument, 0 provided
In file included from /home/damo/.cache/node-gyp/12.18.3/include/node/v8-internal.h:14:0,
                 from /home/damo/.cache/node-gyp/12.18.3/include/node/v8.h:27,
                 from ../ext/bson.cc:14:
/home/damo/.cache/node-gyp/12.18.3/include/node/v8.h:2684:31: note: candidate: v8::Local<v8::String> v8::Value::ToString(v8::Isolate*) const
                 Local<String> ToString(Isolate* isolate) const);
                               ^
/home/damo/.cache/node-gyp/12.18.3/include/node/v8config.h:328:3: note: in definition of macro ‘V8_DEPRECATED’
   declarator __attribute__((deprecated(message)))
   ^~~~~~~~~~
/home/damo/.cache/node-gyp/12.18.3/include/node/v8.h:2684:31: note:   candidate expects 1 argument, 0 provided
                 Local<String> ToString(Isolate* isolate) const);
                               ^
/home/damo/.cache/node-gyp/12.18.3/include/node/v8config.h:328:3: note: in definition of macro ‘V8_DEPRECATED’
   declarator __attribute__((deprecated(message)))
   ^~~~~~~~~~
../ext/bson.cc: At global scope:
../ext/bson.cc:357:1: error: ‘Handle’ does not name a type; did you mean ‘rand_r’?
 Handle<Value> BSONDeserializer::ReadCString()
 ^~~~~~
 rand_r
../ext/bson.cc: In member function ‘v8::Local<v8::String> BSONDeserializer::ReadString()’:
../ext/bson.cc:399:17: error: ‘New’ is not a member of ‘v8::String’
  return String::New(start, length-1);
                 ^~~
../ext/bson.cc: In member function ‘v8::Local<v8::String> BSONDeserializer::ReadObjectId()’:
../ext/bson.cc:409:17: error: ‘New’ is not a member of ‘v8::String’
  return String::New(objectId, 12);
                 ^~~
../ext/bson.cc: At global scope:
../ext/bson.cc:412:1: error: ‘Handle’ does not name a type; did you mean ‘rand_r’?
 Handle<Value> BSONDeserializer::DeserializeDocument(bool promoteLongs)
 ^~~~~~
 rand_r
../ext/bson.cc:421:1: error: ‘Handle’ does not name a type; did you mean ‘rand_r’?
 Handle<Value> BSONDeserializer::DeserializeDocumentInternal(bool promoteLongs)
 ^~~~~~
 rand_r
../ext/bson.cc:449:1: error: ‘Handle’ does not name a type; did you mean ‘rand_r’?
 Handle<Value> BSONDeserializer::DeserializeArray(bool promoteLongs)
 ^~~~~~
 rand_r
../ext/bson.cc:458:1: error: ‘Handle’ does not name a type; did you mean ‘rand_r’?
 Handle<Value> BSONDeserializer::DeserializeArrayInternal(bool promoteLongs)
 ^~~~~~
 rand_r
../ext/bson.cc:474:1: error: ‘Handle’ does not name a type; did you mean ‘rand_r’?
 Handle<Value> BSONDeserializer::DeserializeValue(BsonType type, bool promoteLongs)
 ^~~~~~
 rand_r
In file included from ../ext/bson.h:17:0,
                 from ../ext/bson.cc:35:
../ext/bson.cc: In constructor ‘BSON::BSON()’:
../ext/bson.cc:607:62: error: ‘New’ is not a member of ‘v8::String’
         NanAssignPersistent(String, _bsontypeString, String::New("_bsontype"));
                                                              ^
../ext/nan.h:305:75: note: in definition of macro ‘NanAssignPersistent’
 # define NanAssignPersistent(type, handle, obj) handle.Reset(nan_isolate, obj)
                                                                           ^~~
../ext/bson.cc:608:61: error: ‘New’ is not a member of ‘v8::String’
         NanAssignPersistent(String, _longLowString, String::New("low_"));
                                                             ^
../ext/nan.h:305:75: note: in definition of macro ‘NanAssignPersistent’
 # define NanAssignPersistent(type, handle, obj) handle.Reset(nan_isolate, obj)
                                                                           ^~~
../ext/bson.cc:609:62: error: ‘New’ is not a member of ‘v8::String’
         NanAssignPersistent(String, _longHighString, String::New("high_"));
                                                              ^
../ext/nan.h:305:75: note: in definition of macro ‘NanAssignPersistent’
 # define NanAssignPersistent(type, handle, obj) handle.Reset(nan_isolate, obj)
                                                                           ^~~
../ext/bson.cc:610:64: error: ‘New’ is not a member of ‘v8::String’
         NanAssignPersistent(String, _objectIDidString, String::New("id"));
                                                                ^
../ext/nan.h:305:75: note: in definition of macro ‘NanAssignPersistent’
 # define NanAssignPersistent(type, handle, obj) handle.Reset(nan_isolate, obj)
                                                                           ^~~
../ext/bson.cc:611:68: error: ‘New’ is not a member of ‘v8::String’
         NanAssignPersistent(String, _binaryPositionString, String::New("position"));
                                                                    ^
../ext/nan.h:305:75: note: in definition of macro ‘NanAssignPersistent’
 # define NanAssignPersistent(type, handle, obj) handle.Reset(nan_isolate, obj)
                                                                           ^~~
../ext/bson.cc:612:67: error: ‘New’ is not a member of ‘v8::String’
         NanAssignPersistent(String, _binarySubTypeString, String::New("sub_type"));
                                                                   ^
../ext/nan.h:305:75: note: in definition of macro ‘NanAssignPersistent’
 # define NanAssignPersistent(type, handle, obj) handle.Reset(nan_isolate, obj)
                                                                           ^~~
../ext/bson.cc:613:66: error: ‘New’ is not a member of ‘v8::String’
         NanAssignPersistent(String, _binaryBufferString, String::New("buffer"));
                                                                  ^
../ext/nan.h:305:75: note: in definition of macro ‘NanAssignPersistent’
 # define NanAssignPersistent(type, handle, obj) handle.Reset(nan_isolate, obj)
                                                                           ^~~
../ext/bson.cc:614:65: error: ‘New’ is not a member of ‘v8::String’
         NanAssignPersistent(String, _doubleValueString, String::New("value"));
                                                                 ^
../ext/nan.h:305:75: note: in definition of macro ‘NanAssignPersistent’
 # define NanAssignPersistent(type, handle, obj) handle.Reset(nan_isolate, obj)
                                                                           ^~~
../ext/bson.cc:615:65: error: ‘New’ is not a member of ‘v8::String’
         NanAssignPersistent(String, _symbolValueString, String::New("value"));
                                                                 ^
../ext/nan.h:305:75: note: in definition of macro ‘NanAssignPersistent’
 # define NanAssignPersistent(type, handle, obj) handle.Reset(nan_isolate, obj)
                                                                           ^~~
../ext/bson.cc:616:62: error: ‘New’ is not a member of ‘v8::String’
         NanAssignPersistent(String, _dbRefRefString, String::New("$ref"));
                                                              ^
../ext/nan.h:305:75: note: in definition of macro ‘NanAssignPersistent’
 # define NanAssignPersistent(type, handle, obj) handle.Reset(nan_isolate, obj)
                                                                           ^~~
../ext/bson.cc:617:64: error: ‘New’ is not a member of ‘v8::String’
         NanAssignPersistent(String, _dbRefIdRefString, String::New("$id"));
                                                                ^
../ext/nan.h:305:75: note: in definition of macro ‘NanAssignPersistent’
 # define NanAssignPersistent(type, handle, obj) handle.Reset(nan_isolate, obj)
                                                                           ^~~
../ext/bson.cc:618:64: error: ‘New’ is not a member of ‘v8::String’
         NanAssignPersistent(String, _dbRefDbRefString, String::New("$db"));
                                                                ^
../ext/nan.h:305:75: note: in definition of macro ‘NanAssignPersistent’
 # define NanAssignPersistent(type, handle, obj) handle.Reset(nan_isolate, obj)
                                                                           ^~~
../ext/bson.cc:619:68: error: ‘New’ is not a member of ‘v8::String’
         NanAssignPersistent(String, _dbRefNamespaceString, String::New("namespace"));
                                                                    ^
../ext/nan.h:305:75: note: in definition of macro ‘NanAssignPersistent’
 # define NanAssignPersistent(type, handle, obj) handle.Reset(nan_isolate, obj)
                                                                           ^~~
../ext/bson.cc:620:61: error: ‘New’ is not a member of ‘v8::String’
         NanAssignPersistent(String, _dbRefDbString, String::New("db"));
                                                             ^
../ext/nan.h:305:75: note: in definition of macro ‘NanAssignPersistent’
 # define NanAssignPersistent(type, handle, obj) handle.Reset(nan_isolate, obj)
                                                                           ^~~
../ext/bson.cc:621:62: error: ‘New’ is not a member of ‘v8::String’
         NanAssignPersistent(String, _dbRefOidString, String::New("oid"));
                                                              ^
../ext/nan.h:305:75: note: in definition of macro ‘NanAssignPersistent’
 # define NanAssignPersistent(type, handle, obj) handle.Reset(nan_isolate, obj)
                                                                           ^~~
../ext/bson.cc:622:62: error: ‘New’ is not a member of ‘v8::String’
         NanAssignPersistent(String, _codeCodeString, String::New("code"));
                                                              ^
../ext/nan.h:305:75: note: in definition of macro ‘NanAssignPersistent’
 # define NanAssignPersistent(type, handle, obj) handle.Reset(nan_isolate, obj)
                                                                           ^~~
../ext/bson.cc:623:63: error: ‘New’ is not a member of ‘v8::String’
         NanAssignPersistent(String, _codeScopeString, String::New("scope"));
                                                               ^
../ext/nan.h:305:75: note: in definition of macro ‘NanAssignPersistent’
 # define NanAssignPersistent(type, handle, obj) handle.Reset(nan_isolate, obj)
                                                                           ^~~
../ext/bson.cc:624:60: error: ‘New’ is not a member of ‘v8::String’
         NanAssignPersistent(String, _toBSONString, String::New("toBSON"));
                                                            ^
../ext/nan.h:305:75: note: in definition of macro ‘NanAssignPersistent’
 # define NanAssignPersistent(type, handle, obj) handle.Reset(nan_isolate, obj)
                                                                           ^~~
../ext/bson.cc:626:57: error: ‘New’ is not a member of ‘v8::String’
         NanAssignPersistent(String, longString, String::New("Long"));
                                                         ^
../ext/nan.h:305:75: note: in definition of macro ‘NanAssignPersistent’
 # define NanAssignPersistent(type, handle, obj) handle.Reset(nan_isolate, obj)
                                                                           ^~~
../ext/bson.cc:627:61: error: ‘New’ is not a member of ‘v8::String’
         NanAssignPersistent(String, objectIDString, String::New("ObjectID"));
                                                             ^
../ext/nan.h:305:75: note: in definition of macro ‘NanAssignPersistent’
 # define NanAssignPersistent(type, handle, obj) handle.Reset(nan_isolate, obj)
                                                                           ^~~
../ext/bson.cc:628:59: error: ‘New’ is not a member of ‘v8::String’
         NanAssignPersistent(String, binaryString, String::New("Binary"));
                                                           ^
../ext/nan.h:305:75: note: in definition of macro ‘NanAssignPersistent’
 # define NanAssignPersistent(type, handle, obj) handle.Reset(nan_isolate, obj)
                                                                           ^~~
../ext/bson.cc:629:57: error: ‘New’ is not a member of ‘v8::String’
         NanAssignPersistent(String, codeString, String::New("Code"));
                                                         ^
../ext/nan.h:305:75: note: in definition of macro ‘NanAssignPersistent’
 # define NanAssignPersistent(type, handle, obj) handle.Reset(nan_isolate, obj)
                                                                           ^~~
../ext/bson.cc:630:58: error: ‘New’ is not a member of ‘v8::String’
         NanAssignPersistent(String, dbrefString, String::New("DBRef"));
                                                          ^
../ext/nan.h:305:75: note: in definition of macro ‘NanAssignPersistent’
 # define NanAssignPersistent(type, handle, obj) handle.Reset(nan_isolate, obj)
                                                                           ^~~
../ext/bson.cc:631:59: error: ‘New’ is not a member of ‘v8::String’
         NanAssignPersistent(String, symbolString, String::New("Symbol"));
                                                           ^
../ext/nan.h:305:75: note: in definition of macro ‘NanAssignPersistent’
 # define NanAssignPersistent(type, handle, obj) handle.Reset(nan_isolate, obj)
                                                                           ^~~
../ext/bson.cc:632:59: error: ‘New’ is not a member of ‘v8::String’
         NanAssignPersistent(String, doubleString, String::New("Double"));
                                                           ^
../ext/nan.h:305:75: note: in definition of macro ‘NanAssignPersistent’
 # define NanAssignPersistent(type, handle, obj) handle.Reset(nan_isolate, obj)
                                                                           ^~~
../ext/bson.cc:633:62: error: ‘New’ is not a member of ‘v8::String’
         NanAssignPersistent(String, timestampString, String::New("Timestamp"));
                                                              ^
../ext/nan.h:305:75: note: in definition of macro ‘NanAssignPersistent’
 # define NanAssignPersistent(type, handle, obj) handle.Reset(nan_isolate, obj)
                                                                           ^~~
../ext/bson.cc:634:59: error: ‘New’ is not a member of ‘v8::String’
         NanAssignPersistent(String, minKeyString, String::New("MinKey"));
                                                           ^
../ext/nan.h:305:75: note: in definition of macro ‘NanAssignPersistent’
 # define NanAssignPersistent(type, handle, obj) handle.Reset(nan_isolate, obj)
                                                                           ^~~
../ext/bson.cc:635:59: error: ‘New’ is not a member of ‘v8::String’
         NanAssignPersistent(String, maxKeyString, String::New("MaxKey"));
                                                           ^
../ext/nan.h:305:75: note: in definition of macro ‘NanAssignPersistent’
 # define NanAssignPersistent(type, handle, obj) handle.Reset(nan_isolate, obj)
                                                                           ^~~
../ext/bson.cc: At global scope:
../ext/bson.cc:638:27: error: variable or field ‘Initialize’ declared void
 void BSON::Initialize(v8::Handle<v8::Object> target)
                           ^~~~~~
../ext/bson.cc:638:27: error: ‘Handle’ is not a member of ‘v8’
../ext/bson.cc:638:44: error: expected primary-expression before ‘>’ token
 void BSON::Initialize(v8::Handle<v8::Object> target)
                                            ^
../ext/bson.cc:638:46: error: ‘target’ was not declared in this scope
 void BSON::Initialize(v8::Handle<v8::Object> target)
                                              ^~~~~~
../ext/bson.cc:638:46: note: suggested alternative: ‘tzset’
 void BSON::Initialize(v8::Handle<v8::Object> target)
                                              ^~~~~~
                                              tzset
../ext/bson.cc: In static member function ‘static void BSON::New(const v8::FunctionCallbackInfo<v8::Value>&)’:
../ext/bson.cc:680:62: warning: ‘v8::Local<v8::Value> v8::Object::Get(uint32_t)’ is deprecated: Use maybe version [-Wdeprecated-declarations]
     Local<Function> func = Local<Function>::Cast(array->Get(i));
                                                              ^
In file included from /home/damo/.cache/node-gyp/12.18.3/include/node/v8-internal.h:14:0,
                 from /home/damo/.cache/node-gyp/12.18.3/include/node/v8.h:27,
                 from ../ext/bson.cc:14:
/home/damo/.cache/node-gyp/12.18.3/include/node/v8.h:3557:51: note: declared here
   V8_DEPRECATED("Use maybe version", Local<Value> Get(uint32_t index));
                                                   ^
/home/damo/.cache/node-gyp/12.18.3/include/node/v8config.h:328:3: note: in definition of macro ‘V8_DEPRECATED’
   declarator __attribute__((deprecated(message)))
   ^~~~~~~~~~
../ext/bson.cc:681:60: error: no matching function for call to ‘v8::Value::ToString()’
     Local<String> functionName = func->GetName()->ToString();
                                                            ^
In file included from ../ext/bson.cc:14:0:
/home/damo/.cache/node-gyp/12.18.3/include/node/v8.h:2668:44: note: candidate: v8::MaybeLocal<v8::String> v8::Value::ToString(v8::Local<v8::Context>) const
   V8_WARN_UNUSED_RESULT MaybeLocal<String> ToString(
                                            ^~~~~~~~
/home/damo/.cache/node-gyp/12.18.3/include/node/v8.h:2668:44: note:   candidate expects 1 argument, 0 provided
In file included from /home/damo/.cache/node-gyp/12.18.3/include/node/v8-internal.h:14:0,
                 from /home/damo/.cache/node-gyp/12.18.3/include/node/v8.h:27,
                 from ../ext/bson.cc:14:
/home/damo/.cache/node-gyp/12.18.3/include/node/v8.h:2684:31: note: candidate: v8::Local<v8::String> v8::Value::ToString(v8::Isolate*) const
                 Local<String> ToString(Isolate* isolate) const);
                               ^
/home/damo/.cache/node-gyp/12.18.3/include/node/v8config.h:328:3: note: in definition of macro ‘V8_DEPRECATED’
   declarator __attribute__((deprecated(message)))
   ^~~~~~~~~~
/home/damo/.cache/node-gyp/12.18.3/include/node/v8.h:2684:31: note:   candidate expects 1 argument, 0 provided
                 Local<String> ToString(Isolate* isolate) const);
                               ^
/home/damo/.cache/node-gyp/12.18.3/include/node/v8config.h:328:3: note: in definition of macro ‘V8_DEPRECATED’
   declarator __attribute__((deprecated(message)))
   ^~~~~~~~~~
../ext/bson.cc: In static member function ‘static void BSON::BSONDeserialize(const v8::FunctionCallbackInfo<v8::Value>&)’:
../ext/bson.cc:755:45: error: no matching function for call to ‘v8::Value::ToObject()’
   Local<Object> options = args[1]->ToObject();
                                             ^
In file included from ../ext/bson.cc:14:0:
/home/damo/.cache/node-gyp/12.18.3/include/node/v8.h:2672:44: note: candidate: v8::MaybeLocal<v8::Object> v8::Value::ToObject(v8::Local<v8::Context>) const
   V8_WARN_UNUSED_RESULT MaybeLocal<Object> ToObject(
                                            ^~~~~~~~
/home/damo/.cache/node-gyp/12.18.3/include/node/v8.h:2672:44: note:   candidate expects 1 argument, 0 provided
In file included from /home/damo/.cache/node-gyp/12.18.3/include/node/v8-internal.h:14:0,
                 from /home/damo/.cache/node-gyp/12.18.3/include/node/v8.h:27,
                 from ../ext/bson.cc:14:
/home/damo/.cache/node-gyp/12.18.3/include/node/v8.h:2686:31: note: candidate: v8::Local<v8::Object> v8::Value::ToObject(v8::Isolate*) const
                 Local<Object> ToObject(Isolate* isolate) const);
                               ^
/home/damo/.cache/node-gyp/12.18.3/include/node/v8config.h:328:3: note: in definition of macro ‘V8_DEPRECATED’
   declarator __attribute__((deprecated(message)))
   ^~~~~~~~~~
/home/damo/.cache/node-gyp/12.18.3/include/node/v8.h:2686:31: note:   candidate expects 1 argument, 0 provided
                 Local<Object> ToObject(Isolate* isolate) const);
                               ^
/home/damo/.cache/node-gyp/12.18.3/include/node/v8config.h:328:3: note: in definition of macro ‘V8_DEPRECATED’
   declarator __attribute__((deprecated(message)))
   ^~~~~~~~~~
../ext/bson.cc:757:27: error: ‘New’ is not a member of ‘v8::String’
   if(options->Has(String::New("promoteLongs"))) {
                           ^~~
../ext/bson.cc:758:40: error: ‘New’ is not a member of ‘v8::String’
    promoteLongs = options->Get(String::New("promoteLongs"))->ToBoolean()->Value();
                                        ^~~
../ext/bson.cc:763:40: error: no matching function for call to ‘v8::Value::ToObject()’
  Local<Object> obj = args[0]->ToObject();
                                        ^
In file included from ../ext/bson.cc:14:0:
/home/damo/.cache/node-gyp/12.18.3/include/node/v8.h:2672:44: note: candidate: v8::MaybeLocal<v8::Object> v8::Value::ToObject(v8::Local<v8::Context>) const
   V8_WARN_UNUSED_RESULT MaybeLocal<Object> ToObject(
                                            ^~~~~~~~
/home/damo/.cache/node-gyp/12.18.3/include/node/v8.h:2672:44: note:   candidate expects 1 argument, 0 provided
In file included from /home/damo/.cache/node-gyp/12.18.3/include/node/v8-internal.h:14:0,
                 from /home/damo/.cache/node-gyp/12.18.3/include/node/v8.h:27,
                 from ../ext/bson.cc:14:
/home/damo/.cache/node-gyp/12.18.3/include/node/v8.h:2686:31: note: candidate: v8::Local<v8::Object> v8::Value::ToObject(v8::Isolate*) const
                 Local<Object> ToObject(Isolate* isolate) const);
                               ^
/home/damo/.cache/node-gyp/12.18.3/include/node/v8config.h:328:3: note: in definition of macro ‘V8_DEPRECATED’
   declarator __attribute__((deprecated(message)))
   ^~~~~~~~~~
/home/damo/.cache/node-gyp/12.18.3/include/node/v8.h:2686:31: note:   candidate expects 1 argument, 0 provided
                 Local<Object> ToObject(Isolate* isolate) const);
                               ^
/home/damo/.cache/node-gyp/12.18.3/include/node/v8config.h:328:3: note: in definition of macro ‘V8_DEPRECATED’
   declarator __attribute__((deprecated(message)))
   ^~~~~~~~~~
In file included from ../ext/bson.h:17:0,
                 from ../ext/bson.cc:35:
../ext/bson.cc:787:32: error: ‘class BSONDeserializer’ has no member named ‘DeserializeDocument’
    NanReturnValue(deserializer.DeserializeDocument(promoteLongs));
                                ^
../ext/nan.h:301:65: note: in definition of macro ‘NanReturnValue’
 # define NanReturnValue(value) return args.GetReturnValue().Set(value)
                                                                 ^~~~~
../ext/nan.h:301:70: error: return-statement with a value, in function returning 'void' [-fpermissive]
 # define NanReturnValue(value) return args.GetReturnValue().Set(value)
                                                                      ^
../ext/bson.cc:787:4: note: in expansion of macro ‘NanReturnValue’
    NanReturnValue(deserializer.DeserializeDocument(promoteLongs));
    ^~~~~~~~~~~~~~
../ext/bson.cc:791:34: error: ‘New’ is not a member of ‘v8::String’
    Local<String> error = String::New(exception);
                                  ^~~
../ext/bson.cc:793:30: error: no matching function for call to ‘NanThrowError(v8::Local<v8::String>&)’
    return NanThrowError(error);
                              ^
In file included from ../ext/bson.h:17:0,
                 from ../ext/bson.cc:35:
../ext/nan.h:342:26: note: candidate: void NanThrowError(const char*)
   static NAN_INLINE(void NanThrowError(const char* errmsg)) {
                          ^
../ext/nan.h:141:71: note: in definition of macro ‘NAN_INLINE’
 # define NAN_INLINE(declarator) inline __attribute__((always_inline)) declarator
                                                                       ^~~~~~~~~~
../ext/nan.h:342:26: note:   no known conversion for argument 1 from ‘v8::Local<v8::String>’ to ‘const char*’
   static NAN_INLINE(void NanThrowError(const char* errmsg)) {
                          ^
../ext/nan.h:141:71: note: in definition of macro ‘NAN_INLINE’
 # define NAN_INLINE(declarator) inline __attribute__((always_inline)) declarator
                                                                       ^~~~~~~~~~
../ext/nan.h:361:26: note: candidate: void NanThrowError(const char*, int)
   static NAN_INLINE(void NanThrowError(
                          ^
../ext/nan.h:141:71: note: in definition of macro ‘NAN_INLINE’
 # define NAN_INLINE(declarator) inline __attribute__((always_inline)) declarator
                                                                       ^~~~~~~~~~
../ext/nan.h:361:26: note:   candidate expects 2 arguments, 1 provided
   static NAN_INLINE(void NanThrowError(
                          ^
../ext/nan.h:141:71: note: in definition of macro ‘NAN_INLINE’
 # define NAN_INLINE(declarator) inline __attribute__((always_inline)) declarator
                                                                       ^~~~~~~~~~
../ext/bson.cc:793:30: error: return-statement with a value, in function returning 'void' [-fpermissive]
    return NanThrowError(error);
                              ^
../ext/bson.cc:800:44: error: cannot convert ‘v8::Local<v8::Value>’ to ‘v8::Isolate*’ for argument ‘1’ to ‘ssize_t node::DecodeBytes(v8::Isolate*, v8::Local<v8::Value>, node::encoding)’
   ssize_t len = DecodeBytes(args[0], BINARY);
                                            ^
../ext/bson.cc:807:41: error: cannot convert ‘char*’ to ‘v8::Isolate*’ for argument ‘1’ to ‘ssize_t node::DecodeWrite(v8::Isolate*, char*, size_t, v8::Local<v8::Value>, node::encoding)’
   DecodeWrite(data, len, args[0], BINARY);
                                         ^
../ext/bson.cc:813:4: error: ‘Handle’ was not declared in this scope
    Handle<Value> result = deserializer.DeserializeDocument(promoteLongs);
    ^~~~~~
../ext/bson.cc:813:4: note: suggested alternative: ‘handle’
    Handle<Value> result = deserializer.DeserializeDocument(promoteLongs);
    ^~~~~~
    handle
../ext/bson.cc:813:16: error: expected primary-expression before ‘>’ token
    Handle<Value> result = deserializer.DeserializeDocument(promoteLongs);
                ^
../ext/bson.cc:813:18: error: ‘result’ was not declared in this scope
    Handle<Value> result = deserializer.DeserializeDocument(promoteLongs);
                  ^~~~~~
../ext/bson.cc:813:40: error: ‘class BSONDeserializer’ has no member named ‘DeserializeDocument’
    Handle<Value> result = deserializer.DeserializeDocument(promoteLongs);
                                        ^~~~~~~~~~~~~~~~~~~
In file included from ../ext/bson.h:17:0,
                 from ../ext/bson.cc:35:
../ext/nan.h:301:70: error: return-statement with a value, in function returning 'void' [-fpermissive]
 # define NanReturnValue(value) return args.GetReturnValue().Set(value)
                                                                      ^
../ext/bson.cc:815:4: note: in expansion of macro ‘NanReturnValue’
    NanReturnValue(result);
    ^~~~~~~~~~~~~~
../ext/bson.cc:820:34: error: ‘New’ is not a member of ‘v8::String’
    Local<String> error = String::New(exception);
                                  ^~~
../ext/bson.cc:823:30: error: no matching function for call to ‘NanThrowError(v8::Local<v8::String>&)’
    return NanThrowError(error);
                              ^
In file included from ../ext/bson.h:17:0,
                 from ../ext/bson.cc:35:
../ext/nan.h:342:26: note: candidate: void NanThrowError(const char*)
   static NAN_INLINE(void NanThrowError(const char* errmsg)) {
                          ^
../ext/nan.h:141:71: note: in definition of macro ‘NAN_INLINE’
 # define NAN_INLINE(declarator) inline __attribute__((always_inline)) declarator
                                                                       ^~~~~~~~~~
../ext/nan.h:342:26: note:   no known conversion for argument 1 from ‘v8::Local<v8::String>’ to ‘const char*’
   static NAN_INLINE(void NanThrowError(const char* errmsg)) {
                          ^
../ext/nan.h:141:71: note: in definition of macro ‘NAN_INLINE’
 # define NAN_INLINE(declarator) inline __attribute__((always_inline)) declarator
                                                                       ^~~~~~~~~~
../ext/nan.h:361:26: note: candidate: void NanThrowError(const char*, int)
   static NAN_INLINE(void NanThrowError(
                          ^
../ext/nan.h:141:71: note: in definition of macro ‘NAN_INLINE’
 # define NAN_INLINE(declarator) inline __attribute__((always_inline)) declarator
                                                                       ^~~~~~~~~~
../ext/nan.h:361:26: note:   candidate expects 2 arguments, 1 provided
   static NAN_INLINE(void NanThrowError(
                          ^
../ext/nan.h:141:71: note: in definition of macro ‘NAN_INLINE’
 # define NAN_INLINE(declarator) inline __attribute__((always_inline)) declarator
                                                                       ^~~~~~~~~~
../ext/bson.cc:823:30: error: return-statement with a value, in function returning 'void' [-fpermissive]
    return NanThrowError(error);
                              ^
../ext/bson.cc: At global scope:
../ext/bson.cc:828:46: error: ‘Handle’ does not name a type; did you mean ‘rand_r’?
 Local<Object> BSON::GetSerializeObject(const Handle<Value>& argValue)
                                              ^~~~~~
                                              rand_r
../ext/bson.cc:828:52: error: expected ‘,’ or ‘...’ before ‘<’ token
 Local<Object> BSON::GetSerializeObject(const Handle<Value>& argValue)
                                                    ^
../ext/bson.cc: In member function ‘v8::Local<v8::Object> BSON::GetSerializeObject(int)’:
../ext/bson.cc:830:25: error: ‘argValue’ was not declared in this scope
  Local<Object> object = argValue->ToObject();
                         ^~~~~~~~
../ext/bson.cc:830:25: note: suggested alternative: ‘si_value’
  Local<Object> object = argValue->ToObject();
                         ^~~~~~~~
                         si_value
../ext/bson.cc:831:52: error: no matching function for call to ‘v8::Object::Has(v8::Local<v8::String>)’
  if(object->Has(NanPersistentToLocal(_toBSONString)))
                                                    ^
In file included from ../ext/bson.cc:14:0:
/home/damo/.cache/node-gyp/12.18.3/include/node/v8.h:3590:37: note: candidate: v8::Maybe<bool> v8::Object::Has(v8::Local<v8::Context>, v8::Local<v8::Value>)
   V8_WARN_UNUSED_RESULT Maybe<bool> Has(Local<Context> context,
                                     ^~~
/home/damo/.cache/node-gyp/12.18.3/include/node/v8.h:3590:37: note:   candidate expects 2 arguments, 1 provided
/home/damo/.cache/node-gyp/12.18.3/include/node/v8.h:3596:37: note: candidate: v8::Maybe<bool> v8::Object::Has(v8::Local<v8::Context>, uint32_t)
   V8_WARN_UNUSED_RESULT Maybe<bool> Has(Local<Context> context, uint32_t index);
                                     ^~~
/home/damo/.cache/node-gyp/12.18.3/include/node/v8.h:3596:37: note:   candidate expects 2 arguments, 1 provided
../ext/bson.cc:833:79: warning: ‘v8::Local<v8::Value> v8::Object::Get(v8::Local<v8::Value>)’ is deprecated: Use maybe version [-Wdeprecated-declarations]
   const Local<Value>& toBSON = object->Get(NanPersistentToLocal(_toBSONString));
                                                                               ^
In file included from /home/damo/.cache/node-gyp/12.18.3/include/node/v8-internal.h:14:0,
                 from /home/damo/.cache/node-gyp/12.18.3/include/node/v8.h:27,
                 from ../ext/bson.cc:14:
/home/damo/.cache/node-gyp/12.18.3/include/node/v8.h:3553:51: note: declared here
   V8_DEPRECATED("Use maybe version", Local<Value> Get(Local<Value> key));
                                                   ^
/home/damo/.cache/node-gyp/12.18.3/include/node/v8config.h:328:3: note: in definition of macro ‘V8_DEPRECATED’
   declarator __attribute__((deprecated(message)))
   ^~~~~~~~~~
../ext/bson.cc:836:76: error: no matching function for call to ‘v8::Function::Call(v8::Local<v8::Object>&, int, NULL)’
   Local<Value> result = Local<Function>::Cast(toBSON)->Call(object, 0, NULL);
                                                                            ^
In file included from ../ext/bson.cc:14:0:
/home/damo/.cache/node-gyp/12.18.3/include/node/v8.h:4298:43: note: candidate: v8::MaybeLocal<v8::Value> v8::Function::Call(v8::Local<v8::Context>, v8::Local<v8::Value>, int, v8::Local<v8::Value>*)
   V8_WARN_UNUSED_RESULT MaybeLocal<Value> Call(Local<Context> context,
                                           ^~~~
/home/damo/.cache/node-gyp/12.18.3/include/node/v8.h:4298:43: note:   candidate expects 4 arguments, 3 provided
../ext/bson.cc:838:27: error: no matching function for call to ‘v8::Value::ToObject()’
   return result->ToObject();
                           ^
In file included from ../ext/bson.cc:14:0:
/home/damo/.cache/node-gyp/12.18.3/include/node/v8.h:2672:44: note: candidate: v8::MaybeLocal<v8::Object> v8::Value::ToObject(v8::Local<v8::Context>) const
   V8_WARN_UNUSED_RESULT MaybeLocal<Object> ToObject(
                                            ^~~~~~~~
/home/damo/.cache/node-gyp/12.18.3/include/node/v8.h:2672:44: note:   candidate expects 1 argument, 0 provided
In file included from /home/damo/.cache/node-gyp/12.18.3/include/node/v8-internal.h:14:0,
                 from /home/damo/.cache/node-gyp/12.18.3/include/node/v8.h:27,
                 from ../ext/bson.cc:14:
/home/damo/.cache/node-gyp/12.18.3/include/node/v8.h:2686:31: note: candidate: v8::Local<v8::Object> v8::Value::ToObject(v8::Isolate*) const
                 Local<Object> ToObject(Isolate* isolate) const);
                               ^
/home/damo/.cache/node-gyp/12.18.3/include/node/v8config.h:328:3: note: in definition of macro ‘V8_DEPRECATED’
   declarator __attribute__((deprecated(message)))
   ^~~~~~~~~~
/home/damo/.cache/node-gyp/12.18.3/include/node/v8.h:2686:31: note:   candidate expects 1 argument, 0 provided
                 Local<Object> ToObject(Isolate* isolate) const);
                               ^
/home/damo/.cache/node-gyp/12.18.3/include/node/v8config.h:328:3: note: in definition of macro ‘V8_DEPRECATED’
   declarator __attribute__((deprecated(message)))
   ^~~~~~~~~~
../ext/bson.cc: In static member function ‘static void BSON::BSONSerialize(const v8::FunctionCallbackInfo<v8::Value>&)’:
../ext/bson.cc:864:74: error: no matching function for call to ‘v8::Value::BooleanValue()’
  bool serializeFunctions = (args.Length() >= 4) && args[3]->BooleanValue();
                                                                          ^
In file included from ../ext/bson.cc:14:0:
/home/damo/.cache/node-gyp/12.18.3/include/node/v8.h:2699:8: note: candidate: bool v8::Value::BooleanValue(v8::Isolate*) const
   bool BooleanValue(Isolate* isolate) const;
        ^~~~~~~~~~~~
/home/damo/.cache/node-gyp/12.18.3/include/node/v8.h:2699:8: note:   candidate expects 1 argument, 0 provided
In file included from /home/damo/.cache/node-gyp/12.18.3/include/node/v8-internal.h:14:0,
                 from /home/damo/.cache/node-gyp/12.18.3/include/node/v8.h:27,
                 from ../ext/bson.cc:14:
/home/damo/.cache/node-gyp/12.18.3/include/node/v8.h:2702:51: note: candidate: v8::Maybe<bool> v8::Value::BooleanValue(v8::Local<v8::Context>) const
                 V8_WARN_UNUSED_RESULT Maybe<bool> BooleanValue(
                                                   ^
/home/damo/.cache/node-gyp/12.18.3/include/node/v8config.h:328:3: note: in definition of macro ‘V8_DEPRECATED’
   declarator __attribute__((deprecated(message)))
   ^~~~~~~~~~
/home/damo/.cache/node-gyp/12.18.3/include/node/v8.h:2702:51: note:   candidate expects 1 argument, 0 provided
                 V8_WARN_UNUSED_RESULT Maybe<bool> BooleanValue(
                                                   ^
/home/damo/.cache/node-gyp/12.18.3/include/node/v8config.h:328:3: note: in definition of macro ‘V8_DEPRECATED’
   declarator __attribute__((deprecated(message)))
   ^~~~~~~~~~
../ext/bson.cc:870:58: error: no matching function for call to ‘BSON::GetSerializeObject(v8::Local<v8::Value>)’
   Local<Object> object = bson->GetSerializeObject(args[0]);
                                                          ^
../ext/bson.cc:828:15: note: candidate: v8::Local<v8::Object> BSON::GetSerializeObject(int)
 Local<Object> BSON::GetSerializeObject(const Handle<Value>& argValue)
               ^~~~
../ext/bson.cc:828:15: note:   no known conversion for argument 1 from ‘v8::Local<v8::Value>’ to ‘int’
../ext/bson.cc:873:35: error: no matching function for call to ‘BSONSerializer<CountStream>::SerializeDocument(v8::Local<v8::Object>&)’
   counter.SerializeDocument(object);
                                   ^
../ext/bson.cc:91:27: note: candidate: void BSONSerializer<T>::SerializeDocument(int) [with T = CountStream]
 template<typename T> void BSONSerializer<T>::SerializeDocument(const Handle<Value>& value)
                           ^~~~~~~~~~~~~~~~~
../ext/bson.cc:91:27: note:   no known conversion for argument 1 from ‘v8::Local<v8::Object>’ to ‘int’
../ext/bson.cc:880:88: error: no matching function for call to ‘v8::Value::BooleanValue()’
   bool checkKeys = args.Length() >= 3 && args[1]->IsBoolean() && args[1]->BooleanValue();
                                                                                        ^
In file included from ../ext/bson.cc:14:0:
/home/damo/.cache/node-gyp/12.18.3/include/node/v8.h:2699:8: note: candidate: bool v8::Value::BooleanValue(v8::Isolate*) const
   bool BooleanValue(Isolate* isolate) const;
        ^~~~~~~~~~~~
/home/damo/.cache/node-gyp/12.18.3/include/node/v8.h:2699:8: note:   candidate expects 1 argument, 0 provided
In file included from /home/damo/.cache/node-gyp/12.18.3/include/node/v8-internal.h:14:0,
                 from /home/damo/.cache/node-gyp/12.18.3/include/node/v8.h:27,
                 from ../ext/bson.cc:14:
/home/damo/.cache/node-gyp/12.18.3/include/node/v8.h:2702:51: note: candidate: v8::Maybe<bool> v8::Value::BooleanValue(v8::Local<v8::Context>) const
                 V8_WARN_UNUSED_RESULT Maybe<bool> BooleanValue(
                                                   ^
/home/damo/.cache/node-gyp/12.18.3/include/node/v8config.h:328:3: note: in definition of macro ‘V8_DEPRECATED’
   declarator __attribute__((deprecated(message)))
   ^~~~~~~~~~
/home/damo/.cache/node-gyp/12.18.3/include/node/v8.h:2702:51: note:   candidate expects 1 argument, 0 provided
                 V8_WARN_UNUSED_RESULT Maybe<bool> BooleanValue(
                                                   ^
/home/damo/.cache/node-gyp/12.18.3/include/node/v8config.h:328:3: note: in definition of macro ‘V8_DEPRECATED’
   declarator __attribute__((deprecated(message)))
   ^~~~~~~~~~
../ext/bson.cc:882:32: error: no matching function for call to ‘BSONSerializer<DataStream>::SerializeDocument(v8::Local<v8::Object>&)’
   data.SerializeDocument(object);
                                ^
../ext/bson.cc:91:27: note: candidate: void BSONSerializer<T>::SerializeDocument(int) [with T = DataStream]
 template<typename T> void BSONSerializer<T>::SerializeDocument(const Handle<Value>& value)
                           ^~~~~~~~~~~~~~~~~
../ext/bson.cc:91:27: note:   no known conversion for argument 1 from ‘v8::Local<v8::Object>’ to ‘int’
../ext/bson.cc:887:33: error: ‘New’ is not a member of ‘v8::String’
   Local<String> error = String::New(err_msg);
                                 ^~~
../ext/bson.cc:889:29: error: no matching function for call to ‘NanThrowError(v8::Local<v8::String>&)’
   return NanThrowError(error);
                             ^
In file included from ../ext/bson.h:17:0,
                 from ../ext/bson.cc:35:
../ext/nan.h:342:26: note: candidate: void NanThrowError(const char*)
   static NAN_INLINE(void NanThrowError(const char* errmsg)) {
                          ^
../ext/nan.h:141:71: note: in definition of macro ‘NAN_INLINE’
 # define NAN_INLINE(declarator) inline __attribute__((always_inline)) declarator
                                                                       ^~~~~~~~~~
../ext/nan.h:342:26: note:   no known conversion for argument 1 from ‘v8::Local<v8::String>’ to ‘const char*’
   static NAN_INLINE(void NanThrowError(const char* errmsg)) {
                          ^
../ext/nan.h:141:71: note: in definition of macro ‘NAN_INLINE’
 # define NAN_INLINE(declarator) inline __attribute__((always_inline)) declarator
                                                                       ^~~~~~~~~~
../ext/nan.h:361:26: note: candidate: void NanThrowError(const char*, int)
   static NAN_INLINE(void NanThrowError(
                          ^
../ext/nan.h:141:71: note: in definition of macro ‘NAN_INLINE’
 # define NAN_INLINE(declarator) inline __attribute__((always_inline)) declarator
                                                                       ^~~~~~~~~~
../ext/nan.h:361:26: note:   candidate expects 2 arguments, 1 provided
   static NAN_INLINE(void NanThrowError(
                          ^
../ext/nan.h:141:71: note: in definition of macro ‘NAN_INLINE’
 # define NAN_INLINE(declarator) inline __attribute__((always_inline)) declarator
                                                                       ^~~~~~~~~~
../ext/bson.cc:889:29: error: return-statement with a value, in function returning 'void' [-fpermissive]
   return NanThrowError(error);
                             ^
../ext/bson.cc:901:73: error: no matching function for call to ‘Encode(char*&, size_t&, node::encoding)’
   Local<Value> bin_value = Encode(serialized_object, object_size, BINARY)->ToString();
                                                                         ^
In file included from ../ext/bson.cc:22:0:
/home/damo/.cache/node-gyp/12.18.3/include/node/node.h:513:34: note: candidate: v8::Local<v8::Value> node::Encode(v8::Isolate*, const char*, size_t, node::encoding)
 NODE_EXTERN v8::Local<v8::Value> Encode(v8::Isolate* isolate,
                                  ^~~~~~
/home/damo/.cache/node-gyp/12.18.3/include/node/node.h:513:34: note:   no known conversion for argument 1 from ‘char*’ to ‘v8::Isolate*’
/home/damo/.cache/node-gyp/12.18.3/include/node/node.h:520:34: note: candidate: v8::Local<v8::Value> node::Encode(v8::Isolate*, const uint16_t*, size_t)
 NODE_EXTERN v8::Local<v8::Value> Encode(v8::Isolate* isolate,
                                  ^~~~~~
/home/damo/.cache/node-gyp/12.18.3/include/node/node.h:520:34: note:   no known conversion for argument 1 from ‘char*’ to ‘v8::Isolate*’
../ext/bson.cc: In static member function ‘static void BSON::CalculateObjectSize(const v8::FunctionCallbackInfo<v8::Value>&)’:
../ext/bson.cc:917:74: error: no matching function for call to ‘v8::Value::BooleanValue()’
  bool serializeFunctions = (args.Length() >= 2) && args[1]->BooleanValue();
                                                                          ^
In file included from ../ext/bson.cc:14:0:
/home/damo/.cache/node-gyp/12.18.3/include/node/v8.h:2699:8: note: candidate: bool v8::Value::BooleanValue(v8::Isolate*) const
   bool BooleanValue(Isolate* isolate) const;
        ^~~~~~~~~~~~
/home/damo/.cache/node-gyp/12.18.3/include/node/v8.h:2699:8: note:   candidate expects 1 argument, 0 provided
In file included from /home/damo/.cache/node-gyp/12.18.3/include/node/v8-internal.h:14:0,
                 from /home/damo/.cache/node-gyp/12.18.3/include/node/v8.h:27,
                 from ../ext/bson.cc:14:
/home/damo/.cache/node-gyp/12.18.3/include/node/v8.h:2702:51: note: candidate: v8::Maybe<bool> v8::Value::BooleanValue(v8::Local<v8::Context>) const
                 V8_WARN_UNUSED_RESULT Maybe<bool> BooleanValue(
                                                   ^
/home/damo/.cache/node-gyp/12.18.3/include/node/v8config.h:328:3: note: in definition of macro ‘V8_DEPRECATED’
   declarator __attribute__((deprecated(message)))
   ^~~~~~~~~~
/home/damo/.cache/node-gyp/12.18.3/include/node/v8.h:2702:51: note:   candidate expects 1 argument, 0 provided
                 V8_WARN_UNUSED_RESULT Maybe<bool> BooleanValue(
                                                   ^
/home/damo/.cache/node-gyp/12.18.3/include/node/v8config.h:328:3: note: in definition of macro ‘V8_DEPRECATED’
   declarator __attribute__((deprecated(message)))
   ^~~~~~~~~~
../ext/bson.cc:919:43: error: no matching function for call to ‘BSONSerializer<CountStream>::SerializeDocument(v8::Local<v8::Value>)’
  countSerializer.SerializeDocument(args[0]);
                                           ^
../ext/bson.cc:91:27: note: candidate: void BSONSerializer<T>::SerializeDocument(int) [with T = CountStream]
 template<typename T> void BSONSerializer<T>::SerializeDocument(const Handle<Value>& value)
                           ^~~~~~~~~~~~~~~~~
../ext/bson.cc:91:27: note:   no known conversion for argument 1 from ‘v8::Local<v8::Value>’ to ‘int’
In file included from ../ext/bson.h:17:0,
                 from ../ext/bson.cc:35:
../ext/bson.cc:922:74: error: no matching function for call to ‘v8::Uint32::New(uint32_t)’
  NanReturnValue(Uint32::New((uint32_t) countSerializer.GetSerializeSize()));
                                                                          ^
../ext/nan.h:301:65: note: in definition of macro ‘NanReturnValue’
 # define NanReturnValue(value) return args.GetReturnValue().Set(value)
                                                                 ^~~~~
In file included from ../ext/bson.cc:14:0:
/home/damo/.cache/node-gyp/12.18.3/include/node/v8.h:3294:25: note: candidate: static v8::Local<v8::Integer> v8::Integer::New(v8::Isolate*, int32_t)
   static Local<Integer> New(Isolate* isolate, int32_t value);
                         ^~~
/home/damo/.cache/node-gyp/12.18.3/include/node/v8.h:3294:25: note:   candidate expects 2 arguments, 1 provided
In file included from ../ext/bson.h:17:0,
                 from ../ext/bson.cc:35:
../ext/nan.h:301:70: error: return-statement with a value, in function returning 'void' [-fpermissive]
 # define NanReturnValue(value) return args.GetReturnValue().Set(value)
                                                                      ^
../ext/bson.cc:922:2: note: in expansion of macro ‘NanReturnValue’
  NanReturnValue(Uint32::New((uint32_t) countSerializer.GetSerializeSize()));
  ^~~~~~~~~~~~~~
../ext/bson.cc: In static member function ‘static void BSON::SerializeWithBufferAndIndex(const v8::FunctionCallbackInfo<v8::Value>&)’:
../ext/bson.cc:942:41: error: no matching function for call to ‘v8::Value::ToObject()’
   Local<Object> obj = args[2]->ToObject();
                                         ^
In file included from ../ext/bson.cc:14:0:
/home/damo/.cache/node-gyp/12.18.3/include/node/v8.h:2672:44: note: candidate: v8::MaybeLocal<v8::Object> v8::Value::ToObject(v8::Local<v8::Context>) const
   V8_WARN_UNUSED_RESULT MaybeLocal<Object> ToObject(
                                            ^~~~~~~~
/home/damo/.cache/node-gyp/12.18.3/include/node/v8.h:2672:44: note:   candidate expects 1 argument, 0 provided
In file included from /home/damo/.cache/node-gyp/12.18.3/include/node/v8-internal.h:14:0,
                 from /home/damo/.cache/node-gyp/12.18.3/include/node/v8.h:27,
                 from ../ext/bson.cc:14:
/home/damo/.cache/node-gyp/12.18.3/include/node/v8.h:2686:31: note: candidate: v8::Local<v8::Object> v8::Value::ToObject(v8::Isolate*) const
                 Local<Object> ToObject(Isolate* isolate) const);
                               ^
/home/damo/.cache/node-gyp/12.18.3/include/node/v8config.h:328:3: note: in definition of macro ‘V8_DEPRECATED’
   declarator __attribute__((deprecated(message)))
   ^~~~~~~~~~
/home/damo/.cache/node-gyp/12.18.3/include/node/v8.h:2686:31: note:   candidate expects 1 argument, 0 provided
                 Local<Object> ToObject(Isolate* isolate) const);
                               ^
/home/damo/.cache/node-gyp/12.18.3/include/node/v8config.h:328:3: note: in definition of macro ‘V8_DEPRECATED’
   declarator __attribute__((deprecated(message)))
   ^~~~~~~~~~
../ext/bson.cc:946:32: error: no matching function for call to ‘v8::Value::Uint32Value()’
   index = args[3]->Uint32Value();
                                ^
In file included from ../ext/bson.cc:14:0:
/home/damo/.cache/node-gyp/12.18.3/include/node/v8.h:2707:41: note: candidate: v8::Maybe<unsigned int> v8::Value::Uint32Value(v8::Local<v8::Context>) const
   V8_WARN_UNUSED_RESULT Maybe<uint32_t> Uint32Value(
                                         ^~~~~~~~~~~
/home/damo/.cache/node-gyp/12.18.3/include/node/v8.h:2707:41: note:   candidate expects 1 argument, 0 provided
../ext/bson.cc:947:88: error: no matching function for call to ‘v8::Value::BooleanValue()’
   bool checkKeys = args.Length() >= 4 && args[1]->IsBoolean() && args[1]->BooleanValue();
                                                                                        ^
In file included from ../ext/bson.cc:14:0:
/home/damo/.cache/node-gyp/12.18.3/include/node/v8.h:2699:8: note: candidate: bool v8::Value::BooleanValue(v8::Isolate*) const
   bool BooleanValue(Isolate* isolate) const;
        ^~~~~~~~~~~~
/home/damo/.cache/node-gyp/12.18.3/include/node/v8.h:2699:8: note:   candidate expects 1 argument, 0 provided
In file included from /home/damo/.cache/node-gyp/12.18.3/include/node/v8-internal.h:14:0,
                 from /home/damo/.cache/node-gyp/12.18.3/include/node/v8.h:27,
                 from ../ext/bson.cc:14:
/home/damo/.cache/node-gyp/12.18.3/include/node/v8.h:2702:51: note: candidate: v8::Maybe<bool> v8::Value::BooleanValue(v8::Local<v8::Context>) const
                 V8_WARN_UNUSED_RESULT Maybe<bool> BooleanValue(
                                                   ^
/home/damo/.cache/node-gyp/12.18.3/include/node/v8config.h:328:3: note: in definition of macro ‘V8_DEPRECATED’
   declarator __attribute__((deprecated(message)))
   ^~~~~~~~~~
/home/damo/.cache/node-gyp/12.18.3/include/node/v8.h:2702:51: note:   candidate expects 1 argument, 0 provided
                 V8_WARN_UNUSED_RESULT Maybe<bool> BooleanValue(
                                                   ^
/home/damo/.cache/node-gyp/12.18.3/include/node/v8config.h:328:3: note: in definition of macro ‘V8_DEPRECATED’
   declarator __attribute__((deprecated(message)))
   ^~~~~~~~~~
../ext/bson.cc:948:75: error: no matching function for call to ‘v8::Value::BooleanValue()’
   bool serializeFunctions = (args.Length() == 5) && args[4]->BooleanValue();
                                                                           ^
In file included from ../ext/bson.cc:14:0:
/home/damo/.cache/node-gyp/12.18.3/include/node/v8.h:2699:8: note: candidate: bool v8::Value::BooleanValue(v8::Isolate*) const
   bool BooleanValue(Isolate* isolate) const;
        ^~~~~~~~~~~~
/home/damo/.cache/node-gyp/12.18.3/include/node/v8.h:2699:8: note:   candidate expects 1 argument, 0 provided
In file included from /home/damo/.cache/node-gyp/12.18.3/include/node/v8-internal.h:14:0,
                 from /home/damo/.cache/node-gyp/12.18.3/include/node/v8.h:27,
                 from ../ext/bson.cc:14:
/home/damo/.cache/node-gyp/12.18.3/include/node/v8.h:2702:51: note: candidate: v8::Maybe<bool> v8::Value::BooleanValue(v8::Local<v8::Context>) const
                 V8_WARN_UNUSED_RESULT Maybe<bool> BooleanValue(
                                                   ^
/home/damo/.cache/node-gyp/12.18.3/include/node/v8config.h:328:3: note: in definition of macro ‘V8_DEPRECATED’
   declarator __attribute__((deprecated(message)))
   ^~~~~~~~~~
/home/damo/.cache/node-gyp/12.18.3/include/node/v8.h:2702:51: note:   candidate expects 1 argument, 0 provided
                 V8_WARN_UNUSED_RESULT Maybe<bool> BooleanValue(
                                                   ^
/home/damo/.cache/node-gyp/12.18.3/include/node/v8config.h:328:3: note: in definition of macro ‘V8_DEPRECATED’
   declarator __attribute__((deprecated(message)))
   ^~~~~~~~~~
../ext/bson.cc:951:68: error: no matching function for call to ‘BSON::GetSerializeObject(v8::Local<v8::Value>)’
   dataSerializer.SerializeDocument(bson->GetSerializeObject(args[0]));
                                                                    ^
../ext/bson.cc:828:15: note: candidate: v8::Local<v8::Object> BSON::GetSerializeObject(int)
 Local<Object> BSON::GetSerializeObject(const Handle<Value>& argValue)
               ^~~~
../ext/bson.cc:828:15: note:   no known conversion for argument 1 from ‘v8::Local<v8::Value>’ to ‘int’
../ext/bson.cc:958:33: error: ‘New’ is not a member of ‘v8::String’
   Local<String> error = String::New(exception);
                                 ^~~
../ext/bson.cc:960:43: error: no matching function for call to ‘NanThrowError(v8::Local<v8::String>&)’
                 return NanThrowError(error);
                                           ^
In file included from ../ext/bson.h:17:0,
                 from ../ext/bson.cc:35:
../ext/nan.h:342:26: note: candidate: void NanThrowError(const char*)
   static NAN_INLINE(void NanThrowError(const char* errmsg)) {
                          ^
../ext/nan.h:141:71: note: in definition of macro ‘NAN_INLINE’
 # define NAN_INLINE(declarator) inline __attribute__((always_inline)) declarator
                                                                       ^~~~~~~~~~
../ext/nan.h:342:26: note:   no known conversion for argument 1 from ‘v8::Local<v8::String>’ to ‘const char*’
   static NAN_INLINE(void NanThrowError(const char* errmsg)) {
                          ^
../ext/nan.h:141:71: note: in definition of macro ‘NAN_INLINE’
 # define NAN_INLINE(declarator) inline __attribute__((always_inline)) declarator
                                                                       ^~~~~~~~~~
../ext/nan.h:361:26: note: candidate: void NanThrowError(const char*, int)
   static NAN_INLINE(void NanThrowError(
                          ^
../ext/nan.h:141:71: note: in definition of macro ‘NAN_INLINE’
 # define NAN_INLINE(declarator) inline __attribute__((always_inline)) declarator
                                                                       ^~~~~~~~~~
../ext/nan.h:361:26: note:   candidate expects 2 arguments, 1 provided
   static NAN_INLINE(void NanThrowError(
                          ^
../ext/nan.h:141:71: note: in definition of macro ‘NAN_INLINE’
 # define NAN_INLINE(declarator) inline __attribute__((always_inline)) declarator
                                                                       ^~~~~~~~~~
../ext/bson.cc:960:43: error: return-statement with a value, in function returning 'void' [-fpermissive]
                 return NanThrowError(error);
                                           ^
In file included from ../ext/bson.h:17:0,
                 from ../ext/bson.cc:35:
../ext/bson.cc:963:65: error: no matching function for call to ‘v8::Uint32::New(uint32_t)’
  NanReturnValue(Uint32::New((uint32_t) (index + object_size - 1)));
                                                                 ^
../ext/nan.h:301:65: note: in definition of macro ‘NanReturnValue’
 # define NanReturnValue(value) return args.GetReturnValue().Set(value)
                                                                 ^~~~~
In file included from ../ext/bson.cc:14:0:
/home/damo/.cache/node-gyp/12.18.3/include/node/v8.h:3294:25: note: candidate: static v8::Local<v8::Integer> v8::Integer::New(v8::Isolate*, int32_t)
   static Local<Integer> New(Isolate* isolate, int32_t value);
                         ^~~
/home/damo/.cache/node-gyp/12.18.3/include/node/v8.h:3294:25: note:   candidate expects 2 arguments, 1 provided
In file included from ../ext/bson.h:17:0,
                 from ../ext/bson.cc:35:
../ext/nan.h:301:70: error: return-statement with a value, in function returning 'void' [-fpermissive]
 # define NanReturnValue(value) return args.GetReturnValue().Set(value)
                                                                      ^
../ext/bson.cc:963:2: note: in expansion of macro ‘NanReturnValue’
  NanReturnValue(Uint32::New((uint32_t) (index + object_size - 1)));
  ^~~~~~~~~~~~~~
../ext/bson.cc: In static member function ‘static void BSON::BSONDeserializeStream(const v8::FunctionCallbackInfo<v8::Value>&)’:
../ext/bson.cc:987:40: error: no matching function for call to ‘v8::Value::ToObject()’
  Local<Object> obj = args[0]->ToObject();
                                        ^
In file included from ../ext/bson.cc:14:0:
/home/damo/.cache/node-gyp/12.18.3/include/node/v8.h:2672:44: note: candidate: v8::MaybeLocal<v8::Object> v8::Value::ToObject(v8::Local<v8::Context>) const
   V8_WARN_UNUSED_RESULT MaybeLocal<Object> ToObject(
                                            ^~~~~~~~
/home/damo/.cache/node-gyp/12.18.3/include/node/v8.h:2672:44: note:   candidate expects 1 argument, 0 provided
In file included from /home/damo/.cache/node-gyp/12.18.3/include/node/v8-internal.h:14:0,
                 from /home/damo/.cache/node-gyp/12.18.3/include/node/v8.h:27,
                 from ../ext/bson.cc:14:
/home/damo/.cache/node-gyp/12.18.3/include/node/v8.h:2686:31: note: candidate: v8::Local<v8::Object> v8::Value::ToObject(v8::Isolate*) const
                 Local<Object> ToObject(Isolate* isolate) const);
                               ^
/home/damo/.cache/node-gyp/12.18.3/include/node/v8config.h:328:3: note: in definition of macro ‘V8_DEPRECATED’
   declarator __attribute__((deprecated(message)))
   ^~~~~~~~~~
/home/damo/.cache/node-gyp/12.18.3/include/node/v8.h:2686:31: note:   candidate expects 1 argument, 0 provided
                 Local<Object> ToObject(Isolate* isolate) const);
                               ^
/home/damo/.cache/node-gyp/12.18.3/include/node/v8config.h:328:3: note: in definition of macro ‘V8_DEPRECATED’
   declarator __attribute__((deprecated(message)))
   ^~~~~~~~~~
../ext/bson.cc:988:52: error: no matching function for call to ‘v8::Value::Uint32Value()’
  uint32_t numberOfDocuments = args[2]->Uint32Value();
                                                    ^
In file included from ../ext/bson.cc:14:0:
/home/damo/.cache/node-gyp/12.18.3/include/node/v8.h:2707:41: note: candidate: v8::Maybe<unsigned int> v8::Value::Uint32Value(v8::Local<v8::Context>) const
   V8_WARN_UNUSED_RESULT Maybe<uint32_t> Uint32Value(
                                         ^~~~~~~~~~~
/home/damo/.cache/node-gyp/12.18.3/include/node/v8.h:2707:41: note:   candidate expects 1 argument, 0 provided
../ext/bson.cc:989:40: error: no matching function for call to ‘v8::Value::Uint32Value()’
  uint32_t index = args[1]->Uint32Value();
                                        ^
In file included from ../ext/bson.cc:14:0:
/home/damo/.cache/node-gyp/12.18.3/include/node/v8.h:2707:41: note: candidate: v8::Maybe<unsigned int> v8::Value::Uint32Value(v8::Local<v8::Context>) const
   V8_WARN_UNUSED_RESULT Maybe<uint32_t> Uint32Value(
                                         ^~~~~~~~~~~
/home/damo/.cache/node-gyp/12.18.3/include/node/v8.h:2707:41: note:   candidate expects 1 argument, 0 provided
../ext/bson.cc:990:46: error: no matching function for call to ‘v8::Value::Uint32Value()’
  uint32_t resultIndex = args[4]->Uint32Value();
                                              ^
In file included from ../ext/bson.cc:14:0:
/home/damo/.cache/node-gyp/12.18.3/include/node/v8.h:2707:41: note: candidate: v8::Maybe<unsigned int> v8::Value::Uint32Value(v8::Local<v8::Context>) const
   V8_WARN_UNUSED_RESULT Maybe<uint32_t> Uint32Value(
                                         ^~~~~~~~~~~
/home/damo/.cache/node-gyp/12.18.3/include/node/v8.h:2707:41: note:   candidate expects 1 argument, 0 provided
../ext/bson.cc:995:45: error: no matching function for call to ‘v8::Value::ToObject()’
   Local<Object> options = args[5]->ToObject();
                                             ^
In file included from ../ext/bson.cc:14:0:
/home/damo/.cache/node-gyp/12.18.3/include/node/v8.h:2672:44: note: candidate: v8::MaybeLocal<v8::Object> v8::Value::ToObject(v8::Local<v8::Context>) const
   V8_WARN_UNUSED_RESULT MaybeLocal<Object> ToObject(
                                            ^~~~~~~~
/home/damo/.cache/node-gyp/12.18.3/include/node/v8.h:2672:44: note:   candidate expects 1 argument, 0 provided
In file included from /home/damo/.cache/node-gyp/12.18.3/include/node/v8-internal.h:14:0,
                 from /home/damo/.cache/node-gyp/12.18.3/include/node/v8.h:27,
                 from ../ext/bson.cc:14:
/home/damo/.cache/node-gyp/12.18.3/include/node/v8.h:2686:31: note: candidate: v8::Local<v8::Object> v8::Value::ToObject(v8::Isolate*) const
                 Local<Object> ToObject(Isolate* isolate) const);
                               ^
/home/damo/.cache/node-gyp/12.18.3/include/node/v8config.h:328:3: note: in definition of macro ‘V8_DEPRECATED’
   declarator __attribute__((deprecated(message)))
   ^~~~~~~~~~
/home/damo/.cache/node-gyp/12.18.3/include/node/v8.h:2686:31: note:   candidate expects 1 argument, 0 provided
                 Local<Object> ToObject(Isolate* isolate) const);
                               ^
/home/damo/.cache/node-gyp/12.18.3/include/node/v8config.h:328:3: note: in definition of macro ‘V8_DEPRECATED’
   declarator __attribute__((deprecated(message)))
   ^~~~~~~~~~
../ext/bson.cc:998:27: error: ‘New’ is not a member of ‘v8::String’
   if(options->Has(String::New("promoteLongs"))) {
                           ^~~
../ext/bson.cc:999:40: error: ‘New’ is not a member of ‘v8::String’
    promoteLongs = options->Get(String::New("promoteLongs"))->ToBoolean()->Value();
                                        ^~~
../ext/bson.cc:1017:46: error: no matching function for call to ‘v8::Value::ToObject()’
  Local<Object> documents = args[3]->ToObject();
                                              ^
In file included from ../ext/bson.cc:14:0:
/home/damo/.cache/node-gyp/12.18.3/include/node/v8.h:2672:44: note: candidate: v8::MaybeLocal<v8::Object> v8::Value::ToObject(v8::Local<v8::Context>) const
   V8_WARN_UNUSED_RESULT MaybeLocal<Object> ToObject(
                                            ^~~~~~~~
/home/damo/.cache/node-gyp/12.18.3/include/node/v8.h:2672:44: note:   candidate expects 1 argument, 0 provided
In file included from /home/damo/.cache/node-gyp/12.18.3/include/node/v8-internal.h:14:0,
                 from /home/damo/.cache/node-gyp/12.18.3/include/node/v8.h:27,
                 from ../ext/bson.cc:14:
/home/damo/.cache/node-gyp/12.18.3/include/node/v8.h:2686:31: note: candidate: v8::Local<v8::Object> v8::Value::ToObject(v8::Isolate*) const
                 Local<Object> ToObject(Isolate* isolate) const);
                               ^
/home/damo/.cache/node-gyp/12.18.3/include/node/v8config.h:328:3: note: in definition of macro ‘V8_DEPRECATED’
   declarator __attribute__((deprecated(message)))
   ^~~~~~~~~~
/home/damo/.cache/node-gyp/12.18.3/include/node/v8.h:2686:31: note:   candidate expects 1 argument, 0 provided
                 Local<Object> ToObject(Isolate* isolate) const);
                               ^
/home/damo/.cache/node-gyp/12.18.3/include/node/v8config.h:328:3: note: in definition of macro ‘V8_DEPRECATED’
   declarator __attribute__((deprecated(message)))
   ^~~~~~~~~~
../ext/bson.cc:1024:49: error: ‘class BSONDeserializer’ has no member named ‘DeserializeDocument’
    documents->Set(i + resultIndex, deserializer.DeserializeDocument(promoteLongs));
                                                 ^~~~~~~~~~~~~~~~~~~
../ext/bson.cc:1028:41: error: ‘New’ is not a member of ‘v8::String’
           Local<String> error = String::New(exception);
                                         ^~~
../ext/bson.cc:1030:30: error: no matching function for call to ‘NanThrowError(v8::Local<v8::String>&)’
    return NanThrowError(error);
                              ^
In file included from ../ext/bson.h:17:0,
                 from ../ext/bson.cc:35:
../ext/nan.h:342:26: note: candidate: void NanThrowError(const char*)
   static NAN_INLINE(void NanThrowError(const char* errmsg)) {
                          ^
../ext/nan.h:141:71: note: in definition of macro ‘NAN_INLINE’
 # define NAN_INLINE(declarator) inline __attribute__((always_inline)) declarator
                                                                       ^~~~~~~~~~
../ext/nan.h:342:26: note:   no known conversion for argument 1 from ‘v8::Local<v8::String>’ to ‘const char*’
   static NAN_INLINE(void NanThrowError(const char* errmsg)) {
                          ^
../ext/nan.h:141:71: note: in definition of macro ‘NAN_INLINE’
 # define NAN_INLINE(declarator) inline __attribute__((always_inline)) declarator
                                                                       ^~~~~~~~~~
../ext/nan.h:361:26: note: candidate: void NanThrowError(const char*, int)
   static NAN_INLINE(void NanThrowError(
                          ^
../ext/nan.h:141:71: note: in definition of macro ‘NAN_INLINE’
 # define NAN_INLINE(declarator) inline __attribute__((always_inline)) declarator
                                                                       ^~~~~~~~~~
../ext/nan.h:361:26: note:   candidate expects 2 arguments, 1 provided
   static NAN_INLINE(void NanThrowError(
                          ^
../ext/nan.h:141:71: note: in definition of macro ‘NAN_INLINE’
 # define NAN_INLINE(declarator) inline __attribute__((always_inline)) declarator
                                                                       ^~~~~~~~~~
../ext/bson.cc:1030:30: error: return-statement with a value, in function returning 'void' [-fpermissive]
    return NanThrowError(error);
                              ^
In file included from ../ext/bson.h:17:0,
                 from ../ext/bson.cc:35:
../ext/bson.cc:1035:81: error: no matching function for call to ‘v8::Uint32::New(uint32_t)’
  NanReturnValue(Uint32::New((uint32_t) (index + deserializer.GetSerializeSize())));
                                                                                 ^
../ext/nan.h:301:65: note: in definition of macro ‘NanReturnValue’
 # define NanReturnValue(value) return args.GetReturnValue().Set(value)
                                                                 ^~~~~
In file included from ../ext/bson.cc:14:0:
/home/damo/.cache/node-gyp/12.18.3/include/node/v8.h:3294:25: note: candidate: static v8::Local<v8::Integer> v8::Integer::New(v8::Isolate*, int32_t)
   static Local<Integer> New(Isolate* isolate, int32_t value);
                         ^~~
/home/damo/.cache/node-gyp/12.18.3/include/node/v8.h:3294:25: note:   candidate expects 2 arguments, 1 provided
In file included from ../ext/bson.h:17:0,
                 from ../ext/bson.cc:35:
../ext/nan.h:301:70: error: return-statement with a value, in function returning 'void' [-fpermissive]
 # define NanReturnValue(value) return args.GetReturnValue().Set(value)
                                                                      ^
../ext/bson.cc:1035:2: note: in expansion of macro ‘NanReturnValue’
  NanReturnValue(Uint32::New((uint32_t) (index + deserializer.GetSerializeSize())));
  ^~~~~~~~~~~~~~
../ext/bson.cc: At global scope:
../ext/bson.cc:1039:22: error: variable or field ‘init’ declared void
 extern "C" void init(Handle<Object> target)
                      ^~~~~~
../ext/bson.cc:1039:22: error: ‘Handle’ was not declared in this scope
../ext/bson.cc:1039:22: note: suggested alternative: ‘rand_r’
 extern "C" void init(Handle<Object> target)
                      ^~~~~~
                      rand_r
../ext/bson.cc:1039:35: error: expected primary-expression before ‘>’ token
 extern "C" void init(Handle<Object> target)
                                   ^
../ext/bson.cc:1039:37: error: ‘target’ was not declared in this scope
 extern "C" void init(Handle<Object> target)
                                     ^~~~~~
../ext/bson.cc:1039:37: note: suggested alternative: ‘tzset’
 extern "C" void init(Handle<Object> target)
                                     ^~~~~~
                                     tzset
In file included from ../ext/bson.h:17:0,
                 from ../ext/bson.cc:35:
../ext/nan.h: In instantiation of ‘void NanDisposePersistent(v8::Persistent<T, v8::NonCopyablePersistentTraits<T> >&) [with T = v8::Object]’:
../ext/nan.h:786:44:   required from here
../ext/nan.h:394:12: error: ‘class v8::Persistent<v8::Object>’ has no member named ‘Clear’
     handle.Clear();
     ~~~~~~~^~~~~
../ext/nan.h:1186:25: warning: ‘NanCString’ defined but not used [-Wunused-variable]
 static NAN_INLINE(char* NanCString(
                         ^
../ext/nan.h:141:71: note: in definition of macro ‘NAN_INLINE’
 # define NAN_INLINE(declarator) inline __attribute__((always_inline)) declarator
                                                                       ^~~~~~~~~~
../ext/nan.h:1174:25: warning: ‘NanFromV8String’ defined but not used [-Wunused-variable]
 static NAN_INLINE(char* NanFromV8String(
                         ^
../ext/nan.h:141:71: note: in definition of macro ‘NAN_INLINE’
 # define NAN_INLINE(declarator) inline __attribute__((always_inline)) declarator
                                                                       ^~~~~~~~~~
../ext/nan.h:1027:25: warning: ‘NanRawString’ defined but not used [-Wunused-variable]
 static NAN_INLINE(void* NanRawString(
                         ^
../ext/nan.h:141:71: note: in definition of macro ‘NAN_INLINE’
 # define NAN_INLINE(declarator) inline __attribute__((always_inline)) declarator
                                                                       ^~~~~~~~~~
../ext/nan.h:991:13: warning: ‘_NanGetExternalParts’ defined but not used [-Wunused-variable]
 static bool _NanGetExternalParts(
             ^~~~~~~~~~~~~~~~~~~~
make: *** [Release/obj.target/bson/ext/bson.o] Error 1
gyp ERR! build error 
gyp ERR! stack Error: `make` failed with exit code: 2
gyp ERR! stack     at ChildProcess.onExit (/home/damo/.nvm/versions/node/v12.18.3/lib/node_modules/npm/node_modules/node-gyp/lib/build.js:194:23)
gyp ERR! stack     at ChildProcess.emit (events.js:315:20)
gyp ERR! stack     at Process.ChildProcess._handle.onexit (internal/child_process.js:275:12)
gyp ERR! System Linux 5.4.0-48-generic
gyp ERR! command "/home/damo/.nvm/versions/node/v12.18.3/bin/node" "/home/damo/.nvm/versions/node/v12.18.3/lib/node_modules/npm/node_modules/node-gyp/bin/node-gyp.js" "rebuild"
gyp ERR! cwd /home/damo/Bureau/OTF--master/node_modules/mongo-oplog/node_modules/bson
gyp ERR! node -v v12.18.3
gyp ERR! node-gyp -v v5.1.0
gyp ERR! not ok 
